epoch: 0, train_loss: 0.6387, train_acc: 0.6709, train_auc: 0.5699
epoch: 0, valid_loss: 0.5982, valid_acc: 0.7029, valid_auc: 0.6602
epoch: 1, train_loss: 0.6057, train_acc: 0.6921, train_auc: 0.6504
epoch: 1, valid_loss: 0.5850, valid_acc: 0.7096, valid_auc: 0.6845
epoch: 2, train_loss: 0.5786, train_acc: 0.7058, train_auc: 0.6950
epoch: 2, valid_loss: 0.5640, valid_acc: 0.7275, valid_auc: 0.7344
epoch: 3, train_loss: 0.5577, train_acc: 0.7203, train_auc: 0.7313
epoch: 3, valid_loss: 0.5373, valid_acc: 0.7384, valid_auc: 0.7591
epoch: 4, train_loss: 0.5468, train_acc: 0.7263, train_auc: 0.7469
epoch: 4, valid_loss: 0.5311, valid_acc: 0.7407, valid_auc: 0.7659
epoch: 5, train_loss: 0.5409, train_acc: 0.7293, train_auc: 0.7545
epoch: 5, valid_loss: 0.5281, valid_acc: 0.7419, valid_auc: 0.7681
epoch: 6, train_loss: 0.5375, train_acc: 0.7310, train_auc: 0.7589
epoch: 6, valid_loss: 0.5313, valid_acc: 0.7405, valid_auc: 0.7696
epoch: 7, train_loss: 0.5347, train_acc: 0.7321, train_auc: 0.7624
epoch: 7, valid_loss: 0.5270, valid_acc: 0.7424, valid_auc: 0.7708
epoch: 8, train_loss: 0.5332, train_acc: 0.7328, train_auc: 0.7641
epoch: 8, valid_loss: 0.5237, valid_acc: 0.7433, valid_auc: 0.7722
epoch: 9, train_loss: 0.5318, train_acc: 0.7345, train_auc: 0.7662
epoch: 9, valid_loss: 0.5244, valid_acc: 0.7438, valid_auc: 0.7725
epoch: 10, train_loss: 0.5307, train_acc: 0.7349, train_auc: 0.7672
epoch: 10, valid_loss: 0.5239, valid_acc: 0.7441, valid_auc: 0.7733
epoch: 11, train_loss: 0.5299, train_acc: 0.7349, train_auc: 0.7682
epoch: 11, valid_loss: 0.5249, valid_acc: 0.7423, valid_auc: 0.7718
epoch: 12, train_loss: 0.5293, train_acc: 0.7355, train_auc: 0.7691
epoch: 12, valid_loss: 0.5242, valid_acc: 0.7434, valid_auc: 0.7723
epoch: 13, train_loss: 0.5284, train_acc: 0.7357, train_auc: 0.7700
epoch: 13, valid_loss: 0.5229, valid_acc: 0.7443, valid_auc: 0.7737
epoch: 14, train_loss: 0.5276, train_acc: 0.7366, train_auc: 0.7709
epoch: 14, valid_loss: 0.5227, valid_acc: 0.7440, valid_auc: 0.7742
epoch: 15, train_loss: 0.5271, train_acc: 0.7363, train_auc: 0.7713
epoch: 15, valid_loss: 0.5230, valid_acc: 0.7438, valid_auc: 0.7732
epoch: 16, train_loss: 0.5263, train_acc: 0.7368, train_auc: 0.7725
epoch: 16, valid_loss: 0.5230, valid_acc: 0.7440, valid_auc: 0.7736
epoch: 17, train_loss: 0.5260, train_acc: 0.7373, train_auc: 0.7730
epoch: 17, valid_loss: 0.5216, valid_acc: 0.7449, valid_auc: 0.7751
epoch: 18, train_loss: 0.5369, train_acc: 0.7366, train_auc: 0.7708
epoch: 18, valid_loss: 0.5236, valid_acc: 0.7435, valid_auc: 0.7731
epoch: 19, train_loss: 0.5285, train_acc: 0.7370, train_auc: 0.7725
epoch: 19, valid_loss: 0.5231, valid_acc: 0.7432, valid_auc: 0.7741
epoch: 20, train_loss: 0.5248, train_acc: 0.7373, train_auc: 0.7740
epoch: 20, valid_loss: 0.5218, valid_acc: 0.7450, valid_auc: 0.7748
epoch: 21, train_loss: 0.5242, train_acc: 0.7376, train_auc: 0.7746
epoch: 21, valid_loss: 0.5237, valid_acc: 0.7438, valid_auc: 0.7750
epoch: 22, train_loss: 0.5235, train_acc: 0.7384, train_auc: 0.7753
epoch: 22, valid_loss: 0.5222, valid_acc: 0.7444, valid_auc: 0.7748
epoch: 23, train_loss: 0.5231, train_acc: 0.7385, train_auc: 0.7761
epoch: 23, valid_loss: 0.5218, valid_acc: 0.7444, valid_auc: 0.7748
epoch: 24, train_loss: 0.5230, train_acc: 0.7384, train_auc: 0.7762
epoch: 24, valid_loss: 0.5222, valid_acc: 0.7447, valid_auc: 0.7743
epoch: 25, train_loss: 0.5222, train_acc: 0.7391, train_auc: 0.7773
epoch: 25, valid_loss: 0.5222, valid_acc: 0.7442, valid_auc: 0.7737
epoch: 26, train_loss: 0.5211, train_acc: 0.7399, train_auc: 0.7780
epoch: 26, valid_loss: 0.5238, valid_acc: 0.7439, valid_auc: 0.7736
epoch: 27, train_loss: 0.5212, train_acc: 0.7396, train_auc: 0.7779
epoch: 27, valid_loss: 0.5232, valid_acc: 0.7442, valid_auc: 0.7742
epoch: 28, train_loss: 0.5204, train_acc: 0.7401, train_auc: 0.7792
epoch: 28, valid_loss: 0.5220, valid_acc: 0.7442, valid_auc: 0.7744
epoch: 29, train_loss: 0.5197, train_acc: 0.7406, train_auc: 0.7797
epoch: 29, valid_loss: 0.5239, valid_acc: 0.7438, valid_auc: 0.7725
epoch: 30, train_loss: 0.5190, train_acc: 0.7410, train_auc: 0.7804
epoch: 30, valid_loss: 0.5224, valid_acc: 0.7445, valid_auc: 0.7741
epoch: 31, train_loss: 0.5187, train_acc: 0.7412, train_auc: 0.7811
epoch: 31, valid_loss: 0.5242, valid_acc: 0.7422, valid_auc: 0.7729
epoch: 32, train_loss: 0.5180, train_acc: 0.7416, train_auc: 0.7818
epoch: 32, valid_loss: 0.5256, valid_acc: 0.7424, valid_auc: 0.7701
*******************************************************************************
test_acc: 0.7449, test_auc: 0.7751
*******************************************************************************
epoch: 0, train_loss: 0.6355, train_acc: 0.6687, train_auc: 0.5510
epoch: 0, valid_loss: 0.8945, valid_acc: 0.6904, valid_auc: 0.6464
epoch: 1, train_loss: 0.6081, train_acc: 0.6902, train_auc: 0.6404
epoch: 1, valid_loss: 0.5860, valid_acc: 0.7084, valid_auc: 0.6834
epoch: 2, train_loss: 0.5842, train_acc: 0.7032, train_auc: 0.6847
epoch: 2, valid_loss: 0.5632, valid_acc: 0.7186, valid_auc: 0.7324
epoch: 3, train_loss: 0.5614, train_acc: 0.7182, train_auc: 0.7251
epoch: 3, valid_loss: 0.5376, valid_acc: 0.7370, valid_auc: 0.7574
epoch: 4, train_loss: 0.5481, train_acc: 0.7255, train_auc: 0.7448
epoch: 4, valid_loss: 0.5310, valid_acc: 0.7406, valid_auc: 0.7653
epoch: 5, train_loss: 0.5428, train_acc: 0.7286, train_auc: 0.7534
epoch: 5, valid_loss: 0.5278, valid_acc: 0.7414, valid_auc: 0.7693
epoch: 6, train_loss: 0.5369, train_acc: 0.7310, train_auc: 0.7600
epoch: 6, valid_loss: 0.5257, valid_acc: 0.7426, valid_auc: 0.7707
epoch: 7, train_loss: 0.5348, train_acc: 0.7325, train_auc: 0.7626
epoch: 7, valid_loss: 0.5257, valid_acc: 0.7421, valid_auc: 0.7715
epoch: 8, train_loss: 0.5328, train_acc: 0.7330, train_auc: 0.7650
epoch: 8, valid_loss: 0.5257, valid_acc: 0.7423, valid_auc: 0.7714
epoch: 9, train_loss: 0.5317, train_acc: 0.7339, train_auc: 0.7662
epoch: 9, valid_loss: 0.5238, valid_acc: 0.7431, valid_auc: 0.7729
epoch: 10, train_loss: 0.5305, train_acc: 0.7346, train_auc: 0.7679
epoch: 10, valid_loss: 0.5233, valid_acc: 0.7437, valid_auc: 0.7732
epoch: 11, train_loss: 0.5399, train_acc: 0.7345, train_auc: 0.7675
epoch: 11, valid_loss: 0.5244, valid_acc: 0.7440, valid_auc: 0.7737
epoch: 12, train_loss: 0.5285, train_acc: 0.7355, train_auc: 0.7696
epoch: 12, valid_loss: 0.5713, valid_acc: 0.7432, valid_auc: 0.7702
epoch: 13, train_loss: 0.5325, train_acc: 0.7355, train_auc: 0.7692
epoch: 13, valid_loss: 0.5232, valid_acc: 0.7438, valid_auc: 0.7737
epoch: 14, train_loss: 0.5307, train_acc: 0.7355, train_auc: 0.7697
epoch: 14, valid_loss: 0.5226, valid_acc: 0.7441, valid_auc: 0.7741
epoch: 15, train_loss: 0.5266, train_acc: 0.7364, train_auc: 0.7717
epoch: 15, valid_loss: 0.5228, valid_acc: 0.7442, valid_auc: 0.7737
epoch: 16, train_loss: 0.5259, train_acc: 0.7366, train_auc: 0.7728
epoch: 16, valid_loss: 0.5220, valid_acc: 0.7448, valid_auc: 0.7746
epoch: 17, train_loss: 0.5259, train_acc: 0.7370, train_auc: 0.7729
epoch: 17, valid_loss: 0.5224, valid_acc: 0.7445, valid_auc: 0.7745
epoch: 18, train_loss: 0.5251, train_acc: 0.7373, train_auc: 0.7738
epoch: 18, valid_loss: 0.5224, valid_acc: 0.7437, valid_auc: 0.7749
epoch: 19, train_loss: 0.5245, train_acc: 0.7376, train_auc: 0.7744
epoch: 19, valid_loss: 0.5216, valid_acc: 0.7446, valid_auc: 0.7748
epoch: 20, train_loss: 0.5234, train_acc: 0.7379, train_auc: 0.7752
epoch: 20, valid_loss: 0.5240, valid_acc: 0.7426, valid_auc: 0.7740
epoch: 21, train_loss: 0.5235, train_acc: 0.7383, train_auc: 0.7757
epoch: 21, valid_loss: 0.5215, valid_acc: 0.7447, valid_auc: 0.7751
epoch: 22, train_loss: 0.5224, train_acc: 0.7389, train_auc: 0.7767
epoch: 22, valid_loss: 0.5215, valid_acc: 0.7449, valid_auc: 0.7753
epoch: 23, train_loss: 0.5225, train_acc: 0.7391, train_auc: 0.7766
epoch: 23, valid_loss: 0.5223, valid_acc: 0.7435, valid_auc: 0.7738
epoch: 24, train_loss: 0.5231, train_acc: 0.7395, train_auc: 0.7775
epoch: 24, valid_loss: 0.5253, valid_acc: 0.7436, valid_auc: 0.7732
epoch: 25, train_loss: 0.5234, train_acc: 0.7392, train_auc: 0.7775
epoch: 25, valid_loss: 0.5255, valid_acc: 0.7417, valid_auc: 0.7730
epoch: 26, train_loss: 0.5210, train_acc: 0.7398, train_auc: 0.7783
epoch: 26, valid_loss: 0.5224, valid_acc: 0.7436, valid_auc: 0.7744
epoch: 27, train_loss: 0.5197, train_acc: 0.7408, train_auc: 0.7801
epoch: 27, valid_loss: 0.5226, valid_acc: 0.7440, valid_auc: 0.7737
epoch: 28, train_loss: 0.5190, train_acc: 0.7409, train_auc: 0.7808
epoch: 28, valid_loss: 0.5236, valid_acc: 0.7437, valid_auc: 0.7731
epoch: 29, train_loss: 0.5185, train_acc: 0.7416, train_auc: 0.7813
epoch: 29, valid_loss: 0.5233, valid_acc: 0.7437, valid_auc: 0.7727
epoch: 30, train_loss: 0.5176, train_acc: 0.7418, train_auc: 0.7823
epoch: 30, valid_loss: 0.5233, valid_acc: 0.7426, valid_auc: 0.7733
epoch: 31, train_loss: 0.5172, train_acc: 0.7421, train_auc: 0.7828
epoch: 31, valid_loss: 0.5243, valid_acc: 0.7433, valid_auc: 0.7716
epoch: 32, train_loss: 0.5163, train_acc: 0.7424, train_auc: 0.7832
epoch: 32, valid_loss: 0.5246, valid_acc: 0.7437, valid_auc: 0.7724
epoch: 33, train_loss: 0.5155, train_acc: 0.7428, train_auc: 0.7842
epoch: 33, valid_loss: 0.5248, valid_acc: 0.7429, valid_auc: 0.7718
epoch: 34, train_loss: 0.5144, train_acc: 0.7435, train_auc: 0.7855
epoch: 34, valid_loss: 0.5240, valid_acc: 0.7435, valid_auc: 0.7730
epoch: 35, train_loss: 0.5134, train_acc: 0.7441, train_auc: 0.7863
epoch: 35, valid_loss: 0.5239, valid_acc: 0.7429, valid_auc: 0.7720
epoch: 36, train_loss: 0.5133, train_acc: 0.7438, train_auc: 0.7862
epoch: 36, valid_loss: 0.5240, valid_acc: 0.7429, valid_auc: 0.7718
epoch: 37, train_loss: 0.5122, train_acc: 0.7444, train_auc: 0.7872
epoch: 37, valid_loss: 0.5252, valid_acc: 0.7421, valid_auc: 0.7701
*******************************************************************************
test_acc: 0.7449, test_auc: 0.7753
*******************************************************************************
epoch: 0, train_loss: 0.6355, train_acc: 0.6718, train_auc: 0.5748
epoch: 0, valid_loss: 0.6665, valid_acc: 0.6986, valid_auc: 0.6410
epoch: 1, train_loss: 0.6017, train_acc: 0.6922, train_auc: 0.6473
epoch: 1, valid_loss: 0.5903, valid_acc: 0.7102, valid_auc: 0.6818
epoch: 2, train_loss: 0.5816, train_acc: 0.7040, train_auc: 0.6902
epoch: 2, valid_loss: 0.5527, valid_acc: 0.7276, valid_auc: 0.7364
epoch: 3, train_loss: 0.5610, train_acc: 0.7175, train_auc: 0.7254
epoch: 3, valid_loss: 0.5467, valid_acc: 0.7355, valid_auc: 0.7541
epoch: 4, train_loss: 0.5490, train_acc: 0.7243, train_auc: 0.7435
epoch: 4, valid_loss: 0.5446, valid_acc: 0.7375, valid_auc: 0.7599
epoch: 5, train_loss: 0.5426, train_acc: 0.7279, train_auc: 0.7527
epoch: 5, valid_loss: 0.5314, valid_acc: 0.7394, valid_auc: 0.7679
epoch: 6, train_loss: 0.5380, train_acc: 0.7302, train_auc: 0.7581
epoch: 6, valid_loss: 0.5520, valid_acc: 0.7392, valid_auc: 0.7624
epoch: 7, train_loss: 0.5357, train_acc: 0.7314, train_auc: 0.7610
epoch: 7, valid_loss: 0.5262, valid_acc: 0.7418, valid_auc: 0.7707
epoch: 8, train_loss: 0.5342, train_acc: 0.7325, train_auc: 0.7629
epoch: 8, valid_loss: 0.5242, valid_acc: 0.7435, valid_auc: 0.7724
epoch: 9, train_loss: 0.5330, train_acc: 0.7335, train_auc: 0.7646
epoch: 9, valid_loss: 0.5253, valid_acc: 0.7425, valid_auc: 0.7724
epoch: 10, train_loss: 0.5319, train_acc: 0.7340, train_auc: 0.7660
epoch: 10, valid_loss: 0.5250, valid_acc: 0.7428, valid_auc: 0.7715
epoch: 11, train_loss: 0.5311, train_acc: 0.7348, train_auc: 0.7670
epoch: 11, valid_loss: 0.5240, valid_acc: 0.7436, valid_auc: 0.7729
epoch: 12, train_loss: 0.5299, train_acc: 0.7352, train_auc: 0.7684
epoch: 12, valid_loss: 0.5281, valid_acc: 0.7389, valid_auc: 0.7692
epoch: 13, train_loss: 0.5293, train_acc: 0.7355, train_auc: 0.7690
epoch: 13, valid_loss: 0.5251, valid_acc: 0.7427, valid_auc: 0.7728
epoch: 14, train_loss: 0.5285, train_acc: 0.7358, train_auc: 0.7699
epoch: 14, valid_loss: 0.5243, valid_acc: 0.7441, valid_auc: 0.7731
epoch: 15, train_loss: 0.5282, train_acc: 0.7361, train_auc: 0.7704
epoch: 15, valid_loss: 0.5223, valid_acc: 0.7448, valid_auc: 0.7741
epoch: 16, train_loss: 0.5272, train_acc: 0.7364, train_auc: 0.7714
epoch: 16, valid_loss: 0.5221, valid_acc: 0.7442, valid_auc: 0.7745
epoch: 17, train_loss: 0.5274, train_acc: 0.7368, train_auc: 0.7717
epoch: 17, valid_loss: 0.5223, valid_acc: 0.7442, valid_auc: 0.7739
epoch: 18, train_loss: 0.5272, train_acc: 0.7365, train_auc: 0.7717
epoch: 18, valid_loss: 0.5232, valid_acc: 0.7435, valid_auc: 0.7731
epoch: 19, train_loss: 0.5254, train_acc: 0.7373, train_auc: 0.7727
epoch: 19, valid_loss: 0.5226, valid_acc: 0.7443, valid_auc: 0.7733
epoch: 20, train_loss: 0.5249, train_acc: 0.7373, train_auc: 0.7735
epoch: 20, valid_loss: 0.5211, valid_acc: 0.7450, valid_auc: 0.7752
epoch: 21, train_loss: 0.5242, train_acc: 0.7377, train_auc: 0.7746
epoch: 21, valid_loss: 0.5221, valid_acc: 0.7440, valid_auc: 0.7737
epoch: 22, train_loss: 0.5230, train_acc: 0.7385, train_auc: 0.7756
epoch: 22, valid_loss: 0.5217, valid_acc: 0.7448, valid_auc: 0.7746
epoch: 23, train_loss: 0.5234, train_acc: 0.7383, train_auc: 0.7754
epoch: 23, valid_loss: 0.5237, valid_acc: 0.7421, valid_auc: 0.7743
epoch: 24, train_loss: 0.5228, train_acc: 0.7388, train_auc: 0.7763
epoch: 24, valid_loss: 0.5222, valid_acc: 0.7441, valid_auc: 0.7740
epoch: 25, train_loss: 0.5217, train_acc: 0.7395, train_auc: 0.7772
epoch: 25, valid_loss: 0.5222, valid_acc: 0.7444, valid_auc: 0.7741
epoch: 26, train_loss: 0.5209, train_acc: 0.7397, train_auc: 0.7780
epoch: 26, valid_loss: 0.5216, valid_acc: 0.7440, valid_auc: 0.7742
epoch: 27, train_loss: 0.5203, train_acc: 0.7403, train_auc: 0.7787
epoch: 27, valid_loss: 0.5222, valid_acc: 0.7428, valid_auc: 0.7740
epoch: 28, train_loss: 0.5200, train_acc: 0.7404, train_auc: 0.7792
epoch: 28, valid_loss: 0.5217, valid_acc: 0.7447, valid_auc: 0.7743
epoch: 29, train_loss: 0.5193, train_acc: 0.7407, train_auc: 0.7797
epoch: 29, valid_loss: 0.5226, valid_acc: 0.7435, valid_auc: 0.7730
epoch: 30, train_loss: 0.5183, train_acc: 0.7410, train_auc: 0.7808
epoch: 30, valid_loss: 0.5232, valid_acc: 0.7445, valid_auc: 0.7724
epoch: 31, train_loss: 0.5174, train_acc: 0.7412, train_auc: 0.7815
epoch: 31, valid_loss: 0.5233, valid_acc: 0.7435, valid_auc: 0.7737
epoch: 32, train_loss: 0.5197, train_acc: 0.7407, train_auc: 0.7797
epoch: 32, valid_loss: 0.5228, valid_acc: 0.7435, valid_auc: 0.7728
epoch: 33, train_loss: 0.5178, train_acc: 0.7416, train_auc: 0.7813
epoch: 33, valid_loss: 0.5226, valid_acc: 0.7438, valid_auc: 0.7733
epoch: 34, train_loss: 0.5165, train_acc: 0.7420, train_auc: 0.7824
epoch: 34, valid_loss: 0.5233, valid_acc: 0.7440, valid_auc: 0.7724
epoch: 35, train_loss: 0.5160, train_acc: 0.7425, train_auc: 0.7832
epoch: 35, valid_loss: 0.5234, valid_acc: 0.7441, valid_auc: 0.7718
*******************************************************************************
test_acc: 0.7450, test_auc: 0.7752
*******************************************************************************
epoch: 0, train_loss: 0.6255, train_acc: 0.6754, train_auc: 0.5877
epoch: 0, valid_loss: 0.7183, valid_acc: 0.6818, valid_auc: 0.6110
epoch: 1, train_loss: 0.6070, train_acc: 0.6930, train_auc: 0.6508
epoch: 1, valid_loss: 0.5819, valid_acc: 0.7102, valid_auc: 0.6869
epoch: 2, train_loss: 0.5820, train_acc: 0.7038, train_auc: 0.6901
epoch: 2, valid_loss: 0.5518, valid_acc: 0.7270, valid_auc: 0.7377
epoch: 3, train_loss: 0.5587, train_acc: 0.7181, train_auc: 0.7298
epoch: 3, valid_loss: 0.5360, valid_acc: 0.7383, valid_auc: 0.7614
epoch: 4, train_loss: 0.5451, train_acc: 0.7249, train_auc: 0.7490
epoch: 4, valid_loss: 0.5349, valid_acc: 0.7402, valid_auc: 0.7668
epoch: 5, train_loss: 0.5384, train_acc: 0.7288, train_auc: 0.7575
epoch: 5, valid_loss: 0.5274, valid_acc: 0.7408, valid_auc: 0.7686
epoch: 6, train_loss: 0.5355, train_acc: 0.7308, train_auc: 0.7614
epoch: 6, valid_loss: 0.5275, valid_acc: 0.7419, valid_auc: 0.7706
epoch: 7, train_loss: 0.5331, train_acc: 0.7322, train_auc: 0.7639
epoch: 7, valid_loss: 0.5279, valid_acc: 0.7434, valid_auc: 0.7721
epoch: 8, train_loss: 0.5313, train_acc: 0.7333, train_auc: 0.7660
epoch: 8, valid_loss: 0.5237, valid_acc: 0.7427, valid_auc: 0.7725
epoch: 9, train_loss: 0.5302, train_acc: 0.7340, train_auc: 0.7676
epoch: 9, valid_loss: 0.5232, valid_acc: 0.7438, valid_auc: 0.7734
epoch: 10, train_loss: 0.5293, train_acc: 0.7350, train_auc: 0.7687
epoch: 10, valid_loss: 0.5228, valid_acc: 0.7431, valid_auc: 0.7732
epoch: 11, train_loss: 0.5282, train_acc: 0.7353, train_auc: 0.7698
epoch: 11, valid_loss: 0.5308, valid_acc: 0.7432, valid_auc: 0.7732
epoch: 12, train_loss: 0.5279, train_acc: 0.7355, train_auc: 0.7703
epoch: 12, valid_loss: 0.5250, valid_acc: 0.7438, valid_auc: 0.7737
epoch: 13, train_loss: 0.5271, train_acc: 0.7359, train_auc: 0.7710
epoch: 13, valid_loss: 0.5233, valid_acc: 0.7447, valid_auc: 0.7750
epoch: 14, train_loss: 0.5269, train_acc: 0.7365, train_auc: 0.7717
epoch: 14, valid_loss: 0.5216, valid_acc: 0.7446, valid_auc: 0.7753
epoch: 15, train_loss: 0.5257, train_acc: 0.7371, train_auc: 0.7728
epoch: 15, valid_loss: 0.5215, valid_acc: 0.7446, valid_auc: 0.7751
epoch: 16, train_loss: 0.5255, train_acc: 0.7369, train_auc: 0.7732
epoch: 16, valid_loss: 0.5229, valid_acc: 0.7441, valid_auc: 0.7750
epoch: 17, train_loss: 0.5244, train_acc: 0.7378, train_auc: 0.7741
epoch: 17, valid_loss: 0.5222, valid_acc: 0.7444, valid_auc: 0.7754
epoch: 18, train_loss: 0.5238, train_acc: 0.7382, train_auc: 0.7748
epoch: 18, valid_loss: 0.5212, valid_acc: 0.7446, valid_auc: 0.7751
epoch: 19, train_loss: 0.5235, train_acc: 0.7384, train_auc: 0.7753
epoch: 19, valid_loss: 0.5261, valid_acc: 0.7428, valid_auc: 0.7727
epoch: 20, train_loss: 0.5224, train_acc: 0.7388, train_auc: 0.7765
epoch: 20, valid_loss: 0.5218, valid_acc: 0.7438, valid_auc: 0.7750
epoch: 21, train_loss: 0.5222, train_acc: 0.7391, train_auc: 0.7767
epoch: 21, valid_loss: 0.5214, valid_acc: 0.7447, valid_auc: 0.7752
epoch: 22, train_loss: 0.5216, train_acc: 0.7396, train_auc: 0.7773
epoch: 22, valid_loss: 0.5224, valid_acc: 0.7438, valid_auc: 0.7746
epoch: 23, train_loss: 0.5204, train_acc: 0.7400, train_auc: 0.7783
epoch: 23, valid_loss: 0.5256, valid_acc: 0.7449, valid_auc: 0.7754
epoch: 24, train_loss: 0.5201, train_acc: 0.7404, train_auc: 0.7788
epoch: 24, valid_loss: 0.5216, valid_acc: 0.7442, valid_auc: 0.7751
epoch: 25, train_loss: 0.5194, train_acc: 0.7409, train_auc: 0.7794
epoch: 25, valid_loss: 0.5236, valid_acc: 0.7419, valid_auc: 0.7746
epoch: 26, train_loss: 0.5191, train_acc: 0.7413, train_auc: 0.7803
epoch: 26, valid_loss: 0.5271, valid_acc: 0.7447, valid_auc: 0.7751
epoch: 27, train_loss: 0.5178, train_acc: 0.7416, train_auc: 0.7812
epoch: 27, valid_loss: 0.5210, valid_acc: 0.7442, valid_auc: 0.7749
epoch: 28, train_loss: 0.5176, train_acc: 0.7416, train_auc: 0.7815
epoch: 28, valid_loss: 0.5205, valid_acc: 0.7452, valid_auc: 0.7755
epoch: 29, train_loss: 0.5162, train_acc: 0.7423, train_auc: 0.7826
epoch: 29, valid_loss: 0.5222, valid_acc: 0.7450, valid_auc: 0.7749
epoch: 30, train_loss: 0.5151, train_acc: 0.7430, train_auc: 0.7837
epoch: 30, valid_loss: 0.5227, valid_acc: 0.7436, valid_auc: 0.7732
epoch: 31, train_loss: 0.5146, train_acc: 0.7434, train_auc: 0.7844
epoch: 31, valid_loss: 0.5228, valid_acc: 0.7440, valid_auc: 0.7737
epoch: 32, train_loss: 0.5138, train_acc: 0.7438, train_auc: 0.7853
epoch: 32, valid_loss: 0.5231, valid_acc: 0.7445, valid_auc: 0.7733
epoch: 33, train_loss: 0.5127, train_acc: 0.7442, train_auc: 0.7861
epoch: 33, valid_loss: 0.5229, valid_acc: 0.7445, valid_auc: 0.7735
epoch: 34, train_loss: 0.5123, train_acc: 0.7446, train_auc: 0.7868
epoch: 34, valid_loss: 0.5239, valid_acc: 0.7435, valid_auc: 0.7721
epoch: 35, train_loss: 0.5119, train_acc: 0.7446, train_auc: 0.7869
epoch: 35, valid_loss: 0.5233, valid_acc: 0.7439, valid_auc: 0.7726
epoch: 36, train_loss: 0.5105, train_acc: 0.7457, train_auc: 0.7885
epoch: 36, valid_loss: 0.5245, valid_acc: 0.7428, valid_auc: 0.7712
epoch: 37, train_loss: 0.5108, train_acc: 0.7451, train_auc: 0.7883
epoch: 37, valid_loss: 0.5248, valid_acc: 0.7423, valid_auc: 0.7712
epoch: 38, train_loss: 0.5101, train_acc: 0.7457, train_auc: 0.7892
epoch: 38, valid_loss: 0.5249, valid_acc: 0.7429, valid_auc: 0.7706
epoch: 39, train_loss: 0.5094, train_acc: 0.7458, train_auc: 0.7898
epoch: 39, valid_loss: 0.5252, valid_acc: 0.7424, valid_auc: 0.7704
epoch: 40, train_loss: 0.5079, train_acc: 0.7470, train_auc: 0.7913
epoch: 40, valid_loss: 0.5276, valid_acc: 0.7411, valid_auc: 0.7683
epoch: 41, train_loss: 0.5073, train_acc: 0.7468, train_auc: 0.7917
epoch: 41, valid_loss: 0.5265, valid_acc: 0.7417, valid_auc: 0.7690
epoch: 42, train_loss: 0.5067, train_acc: 0.7476, train_auc: 0.7925
epoch: 42, valid_loss: 0.5294, valid_acc: 0.7421, valid_auc: 0.7690
epoch: 43, train_loss: 0.5059, train_acc: 0.7481, train_auc: 0.7933
epoch: 43, valid_loss: 0.5275, valid_acc: 0.7414, valid_auc: 0.7680
*******************************************************************************
test_acc: 0.7452, test_auc: 0.7755
*******************************************************************************
epoch: 0, train_loss: 0.6357, train_acc: 0.6698, train_auc: 0.5560
epoch: 0, valid_loss: 0.6010, valid_acc: 0.7004, valid_auc: 0.6564
epoch: 1, train_loss: 0.6017, train_acc: 0.6912, train_auc: 0.6470
epoch: 1, valid_loss: 0.5778, valid_acc: 0.7125, valid_auc: 0.6991
epoch: 2, train_loss: 0.5786, train_acc: 0.7055, train_auc: 0.6949
epoch: 2, valid_loss: 0.5562, valid_acc: 0.7270, valid_auc: 0.7392
epoch: 3, train_loss: 0.5590, train_acc: 0.7187, train_auc: 0.7288
epoch: 3, valid_loss: 0.6505, valid_acc: 0.7354, valid_auc: 0.7515
epoch: 4, train_loss: 0.5563, train_acc: 0.7256, train_auc: 0.7463
epoch: 4, valid_loss: 0.5362, valid_acc: 0.7396, valid_auc: 0.7650
epoch: 5, train_loss: 0.5412, train_acc: 0.7286, train_auc: 0.7542
epoch: 5, valid_loss: 0.5474, valid_acc: 0.7399, valid_auc: 0.7662
epoch: 6, train_loss: 0.5385, train_acc: 0.7305, train_auc: 0.7589
epoch: 6, valid_loss: 0.5312, valid_acc: 0.7411, valid_auc: 0.7663
epoch: 7, train_loss: 0.5347, train_acc: 0.7324, train_auc: 0.7626
epoch: 7, valid_loss: 0.5645, valid_acc: 0.7416, valid_auc: 0.7683
epoch: 8, train_loss: 0.5342, train_acc: 0.7328, train_auc: 0.7637
epoch: 8, valid_loss: 0.5277, valid_acc: 0.7421, valid_auc: 0.7699
epoch: 9, train_loss: 0.5323, train_acc: 0.7339, train_auc: 0.7656
epoch: 9, valid_loss: 0.5240, valid_acc: 0.7433, valid_auc: 0.7719
epoch: 10, train_loss: 0.5310, train_acc: 0.7341, train_auc: 0.7667
epoch: 10, valid_loss: 0.5302, valid_acc: 0.7429, valid_auc: 0.7725
epoch: 11, train_loss: 0.5301, train_acc: 0.7348, train_auc: 0.7677
epoch: 11, valid_loss: 0.5289, valid_acc: 0.7424, valid_auc: 0.7708
epoch: 12, train_loss: 0.5286, train_acc: 0.7355, train_auc: 0.7694
epoch: 12, valid_loss: 0.5228, valid_acc: 0.7441, valid_auc: 0.7734
epoch: 13, train_loss: 0.5279, train_acc: 0.7358, train_auc: 0.7698
epoch: 13, valid_loss: 0.5440, valid_acc: 0.7437, valid_auc: 0.7715
epoch: 14, train_loss: 0.5283, train_acc: 0.7358, train_auc: 0.7703
epoch: 14, valid_loss: 0.5223, valid_acc: 0.7445, valid_auc: 0.7743
epoch: 15, train_loss: 0.5273, train_acc: 0.7365, train_auc: 0.7715
epoch: 15, valid_loss: 0.5239, valid_acc: 0.7431, valid_auc: 0.7735
epoch: 16, train_loss: 0.5273, train_acc: 0.7364, train_auc: 0.7715
epoch: 16, valid_loss: 0.5220, valid_acc: 0.7444, valid_auc: 0.7745
epoch: 17, train_loss: 0.5258, train_acc: 0.7372, train_auc: 0.7728
epoch: 17, valid_loss: 0.5216, valid_acc: 0.7442, valid_auc: 0.7749
epoch: 18, train_loss: 0.5251, train_acc: 0.7376, train_auc: 0.7735
epoch: 18, valid_loss: 0.5212, valid_acc: 0.7443, valid_auc: 0.7749
epoch: 19, train_loss: 0.5250, train_acc: 0.7378, train_auc: 0.7737
epoch: 19, valid_loss: 0.5213, valid_acc: 0.7454, valid_auc: 0.7755
epoch: 20, train_loss: 0.5240, train_acc: 0.7383, train_auc: 0.7752
epoch: 20, valid_loss: 0.5220, valid_acc: 0.7451, valid_auc: 0.7748
epoch: 21, train_loss: 0.5234, train_acc: 0.7386, train_auc: 0.7755
epoch: 21, valid_loss: 0.5233, valid_acc: 0.7434, valid_auc: 0.7747
epoch: 22, train_loss: 0.5227, train_acc: 0.7390, train_auc: 0.7764
epoch: 22, valid_loss: 0.5215, valid_acc: 0.7451, valid_auc: 0.7753
epoch: 23, train_loss: 0.5221, train_acc: 0.7391, train_auc: 0.7767
epoch: 23, valid_loss: 0.5257, valid_acc: 0.7442, valid_auc: 0.7741
epoch: 24, train_loss: 0.5213, train_acc: 0.7398, train_auc: 0.7778
epoch: 24, valid_loss: 0.5225, valid_acc: 0.7438, valid_auc: 0.7735
epoch: 25, train_loss: 0.5208, train_acc: 0.7399, train_auc: 0.7784
epoch: 25, valid_loss: 0.5217, valid_acc: 0.7450, valid_auc: 0.7749
epoch: 26, train_loss: 0.5204, train_acc: 0.7404, train_auc: 0.7788
epoch: 26, valid_loss: 0.5225, valid_acc: 0.7442, valid_auc: 0.7743
epoch: 27, train_loss: 0.5195, train_acc: 0.7407, train_auc: 0.7796
epoch: 27, valid_loss: 0.5220, valid_acc: 0.7444, valid_auc: 0.7745
epoch: 28, train_loss: 0.5210, train_acc: 0.7412, train_auc: 0.7801
epoch: 28, valid_loss: 0.5228, valid_acc: 0.7443, valid_auc: 0.7742
epoch: 29, train_loss: 0.5211, train_acc: 0.7409, train_auc: 0.7798
epoch: 29, valid_loss: 0.5219, valid_acc: 0.7442, valid_auc: 0.7745
epoch: 30, train_loss: 0.5184, train_acc: 0.7417, train_auc: 0.7811
epoch: 30, valid_loss: 0.5489, valid_acc: 0.7435, valid_auc: 0.7713
epoch: 31, train_loss: 0.5195, train_acc: 0.7419, train_auc: 0.7815
epoch: 31, valid_loss: 0.5221, valid_acc: 0.7443, valid_auc: 0.7745
epoch: 32, train_loss: 0.5183, train_acc: 0.7421, train_auc: 0.7824
epoch: 32, valid_loss: 0.5243, valid_acc: 0.7435, valid_auc: 0.7725
epoch: 33, train_loss: 0.5166, train_acc: 0.7421, train_auc: 0.7829
epoch: 33, valid_loss: 0.5240, valid_acc: 0.7435, valid_auc: 0.7724
epoch: 34, train_loss: 0.5164, train_acc: 0.7425, train_auc: 0.7834
epoch: 34, valid_loss: 0.5252, valid_acc: 0.7405, valid_auc: 0.7726
*******************************************************************************
test_acc: 0.7454, test_auc: 0.7755
*******************************************************************************
*******************************************************************************
*******************************************************************************
*******************************************************************************
*******************************************************************************
*******************************************************************************
ednet_final_avg_acc: 0.7451, ednet_final_avg_auc: 0.7753
*******************************************************************************
*******************************************************************************
*******************************************************************************
*******************************************************************************
*******************************************************************************
epoch: 0, train_loss: 0.5569, train_acc: 0.7351, train_auc: 0.6435
epoch: 0, valid_loss: 0.5310, valid_acc: 0.7452, valid_auc: 0.7089
epoch: 1, train_loss: 0.5297, train_acc: 0.7423, train_auc: 0.7006
epoch: 1, valid_loss: 0.5168, valid_acc: 0.7496, valid_auc: 0.7260
epoch: 2, train_loss: 0.5215, train_acc: 0.7473, train_auc: 0.7143
epoch: 2, valid_loss: 0.5109, valid_acc: 0.7550, valid_auc: 0.7296
epoch: 3, train_loss: 0.5161, train_acc: 0.7502, train_auc: 0.7223
epoch: 3, valid_loss: 0.5035, valid_acc: 0.7563, valid_auc: 0.7350
epoch: 4, train_loss: 0.5141, train_acc: 0.7514, train_auc: 0.7257
epoch: 4, valid_loss: 0.5022, valid_acc: 0.7571, valid_auc: 0.7367
epoch: 5, train_loss: 0.5123, train_acc: 0.7526, train_auc: 0.7280
epoch: 5, valid_loss: 0.5005, valid_acc: 0.7577, valid_auc: 0.7391
epoch: 6, train_loss: 0.5110, train_acc: 0.7525, train_auc: 0.7291
epoch: 6, valid_loss: 0.5013, valid_acc: 0.7578, valid_auc: 0.7380
epoch: 7, train_loss: 0.5102, train_acc: 0.7534, train_auc: 0.7315
epoch: 7, valid_loss: 0.5006, valid_acc: 0.7578, valid_auc: 0.7397
epoch: 8, train_loss: 0.5095, train_acc: 0.7538, train_auc: 0.7328
epoch: 8, valid_loss: 0.5012, valid_acc: 0.7581, valid_auc: 0.7415
epoch: 9, train_loss: 0.5083, train_acc: 0.7544, train_auc: 0.7345
epoch: 9, valid_loss: 0.4995, valid_acc: 0.7580, valid_auc: 0.7422
epoch: 10, train_loss: 0.5077, train_acc: 0.7541, train_auc: 0.7351
epoch: 10, valid_loss: 0.4985, valid_acc: 0.7581, valid_auc: 0.7424
epoch: 11, train_loss: 0.5061, train_acc: 0.7543, train_auc: 0.7371
epoch: 11, valid_loss: 0.4981, valid_acc: 0.7587, valid_auc: 0.7436
epoch: 12, train_loss: 0.5052, train_acc: 0.7551, train_auc: 0.7390
epoch: 12, valid_loss: 0.4971, valid_acc: 0.7599, valid_auc: 0.7452
epoch: 13, train_loss: 0.5045, train_acc: 0.7554, train_auc: 0.7403
epoch: 13, valid_loss: 0.4988, valid_acc: 0.7590, valid_auc: 0.7437
epoch: 14, train_loss: 0.5042, train_acc: 0.7554, train_auc: 0.7403
epoch: 14, valid_loss: 0.4954, valid_acc: 0.7605, valid_auc: 0.7468
epoch: 15, train_loss: 0.5038, train_acc: 0.7554, train_auc: 0.7414
epoch: 15, valid_loss: 0.4950, valid_acc: 0.7607, valid_auc: 0.7475
epoch: 16, train_loss: 0.5034, train_acc: 0.7559, train_auc: 0.7422
epoch: 16, valid_loss: 0.4943, valid_acc: 0.7606, valid_auc: 0.7489
epoch: 17, train_loss: 0.5024, train_acc: 0.7560, train_auc: 0.7432
epoch: 17, valid_loss: 0.4932, valid_acc: 0.7617, valid_auc: 0.7502
epoch: 18, train_loss: 0.5021, train_acc: 0.7561, train_auc: 0.7440
epoch: 18, valid_loss: 0.4933, valid_acc: 0.7616, valid_auc: 0.7500
epoch: 19, train_loss: 0.5021, train_acc: 0.7561, train_auc: 0.7441
epoch: 19, valid_loss: 0.4947, valid_acc: 0.7607, valid_auc: 0.7486
epoch: 20, train_loss: 0.5017, train_acc: 0.7565, train_auc: 0.7445
epoch: 20, valid_loss: 0.4932, valid_acc: 0.7603, valid_auc: 0.7507
epoch: 21, train_loss: 0.5007, train_acc: 0.7567, train_auc: 0.7457
epoch: 21, valid_loss: 0.4935, valid_acc: 0.7609, valid_auc: 0.7507
epoch: 22, train_loss: 0.5003, train_acc: 0.7572, train_auc: 0.7455
epoch: 22, valid_loss: 0.4946, valid_acc: 0.7589, valid_auc: 0.7502
epoch: 23, train_loss: 0.5004, train_acc: 0.7574, train_auc: 0.7462
epoch: 23, valid_loss: 0.4926, valid_acc: 0.7613, valid_auc: 0.7507
epoch: 24, train_loss: 0.4998, train_acc: 0.7575, train_auc: 0.7466
epoch: 24, valid_loss: 0.4922, valid_acc: 0.7609, valid_auc: 0.7514
epoch: 25, train_loss: 0.5006, train_acc: 0.7569, train_auc: 0.7464
epoch: 25, valid_loss: 0.4914, valid_acc: 0.7618, valid_auc: 0.7520
epoch: 26, train_loss: 0.5008, train_acc: 0.7575, train_auc: 0.7463
epoch: 26, valid_loss: 0.4928, valid_acc: 0.7620, valid_auc: 0.7511
epoch: 27, train_loss: 0.5006, train_acc: 0.7574, train_auc: 0.7462
epoch: 27, valid_loss: 0.4923, valid_acc: 0.7612, valid_auc: 0.7515
epoch: 28, train_loss: 0.4992, train_acc: 0.7578, train_auc: 0.7475
epoch: 28, valid_loss: 0.4920, valid_acc: 0.7616, valid_auc: 0.7523
epoch: 29, train_loss: 0.4997, train_acc: 0.7574, train_auc: 0.7476
epoch: 29, valid_loss: 0.4912, valid_acc: 0.7618, valid_auc: 0.7526
epoch: 30, train_loss: 0.4994, train_acc: 0.7571, train_auc: 0.7476
epoch: 30, valid_loss: 0.4912, valid_acc: 0.7617, valid_auc: 0.7529
epoch: 31, train_loss: 0.4992, train_acc: 0.7573, train_auc: 0.7476
epoch: 31, valid_loss: 0.4911, valid_acc: 0.7621, valid_auc: 0.7526
epoch: 32, train_loss: 0.4990, train_acc: 0.7579, train_auc: 0.7481
epoch: 32, valid_loss: 0.4918, valid_acc: 0.7618, valid_auc: 0.7525
epoch: 33, train_loss: 0.5000, train_acc: 0.7567, train_auc: 0.7473
epoch: 33, valid_loss: 0.4934, valid_acc: 0.7608, valid_auc: 0.7504
epoch: 34, train_loss: 0.4994, train_acc: 0.7571, train_auc: 0.7477
epoch: 34, valid_loss: 0.4911, valid_acc: 0.7624, valid_auc: 0.7524
epoch: 35, train_loss: 0.5049, train_acc: 0.7558, train_auc: 0.7456
epoch: 35, valid_loss: 0.4955, valid_acc: 0.7605, valid_auc: 0.7496
epoch: 36, train_loss: 0.5005, train_acc: 0.7569, train_auc: 0.7460
epoch: 36, valid_loss: 0.4930, valid_acc: 0.7609, valid_auc: 0.7506
epoch: 37, train_loss: 0.4992, train_acc: 0.7572, train_auc: 0.7481
epoch: 37, valid_loss: 0.4915, valid_acc: 0.7621, valid_auc: 0.7528
epoch: 38, train_loss: 0.4995, train_acc: 0.7574, train_auc: 0.7478
epoch: 38, valid_loss: 0.4927, valid_acc: 0.7611, valid_auc: 0.7518
epoch: 39, train_loss: 0.4985, train_acc: 0.7582, train_auc: 0.7484
epoch: 39, valid_loss: 0.4917, valid_acc: 0.7623, valid_auc: 0.7521
epoch: 40, train_loss: 0.4993, train_acc: 0.7574, train_auc: 0.7480
epoch: 40, valid_loss: 0.4914, valid_acc: 0.7621, valid_auc: 0.7523
epoch: 41, train_loss: 0.4982, train_acc: 0.7577, train_auc: 0.7489
epoch: 41, valid_loss: 0.4935, valid_acc: 0.7612, valid_auc: 0.7521
epoch: 42, train_loss: 0.5232, train_acc: 0.7563, train_auc: 0.7453
epoch: 42, valid_loss: 0.4946, valid_acc: 0.7593, valid_auc: 0.7500
epoch: 43, train_loss: 0.5008, train_acc: 0.7566, train_auc: 0.7461
epoch: 43, valid_loss: 0.4928, valid_acc: 0.7609, valid_auc: 0.7522
epoch: 44, train_loss: 0.5002, train_acc: 0.7567, train_auc: 0.7471
epoch: 44, valid_loss: 0.4992, valid_acc: 0.7607, valid_auc: 0.7496
epoch: 45, train_loss: 0.4994, train_acc: 0.7573, train_auc: 0.7478
epoch: 45, valid_loss: 0.4908, valid_acc: 0.7618, valid_auc: 0.7535
epoch: 46, train_loss: 0.4989, train_acc: 0.7576, train_auc: 0.7483
epoch: 46, valid_loss: 0.4916, valid_acc: 0.7611, valid_auc: 0.7523
epoch: 47, train_loss: 0.4983, train_acc: 0.7577, train_auc: 0.7489
epoch: 47, valid_loss: 0.4911, valid_acc: 0.7618, valid_auc: 0.7529
epoch: 48, train_loss: 0.4979, train_acc: 0.7581, train_auc: 0.7493
epoch: 48, valid_loss: 0.4906, valid_acc: 0.7624, valid_auc: 0.7531
epoch: 49, train_loss: 0.4979, train_acc: 0.7578, train_auc: 0.7494
epoch: 49, valid_loss: 0.4912, valid_acc: 0.7617, valid_auc: 0.7521
epoch: 50, train_loss: 0.4981, train_acc: 0.7583, train_auc: 0.7493
epoch: 50, valid_loss: 0.4912, valid_acc: 0.7617, valid_auc: 0.7525
epoch: 51, train_loss: 0.4972, train_acc: 0.7582, train_auc: 0.7497
epoch: 51, valid_loss: 0.4907, valid_acc: 0.7624, valid_auc: 0.7534
epoch: 52, train_loss: 0.4975, train_acc: 0.7581, train_auc: 0.7497
epoch: 52, valid_loss: 0.4913, valid_acc: 0.7615, valid_auc: 0.7531
epoch: 53, train_loss: 0.4974, train_acc: 0.7579, train_auc: 0.7497
epoch: 53, valid_loss: 0.4906, valid_acc: 0.7622, valid_auc: 0.7539
epoch: 54, train_loss: 0.4978, train_acc: 0.7580, train_auc: 0.7498
epoch: 54, valid_loss: 0.4909, valid_acc: 0.7616, valid_auc: 0.7537
epoch: 55, train_loss: 0.4975, train_acc: 0.7583, train_auc: 0.7505
epoch: 55, valid_loss: 0.4916, valid_acc: 0.7612, valid_auc: 0.7527
epoch: 56, train_loss: 0.4975, train_acc: 0.7583, train_auc: 0.7499
epoch: 56, valid_loss: 0.4909, valid_acc: 0.7614, valid_auc: 0.7535
epoch: 57, train_loss: 0.4990, train_acc: 0.7574, train_auc: 0.7483
epoch: 57, valid_loss: 0.4908, valid_acc: 0.7618, valid_auc: 0.7537
epoch: 58, train_loss: 0.4978, train_acc: 0.7584, train_auc: 0.7502
epoch: 58, valid_loss: 0.4905, valid_acc: 0.7628, valid_auc: 0.7535
epoch: 59, train_loss: 0.4977, train_acc: 0.7582, train_auc: 0.7505
epoch: 59, valid_loss: 0.4900, valid_acc: 0.7627, valid_auc: 0.7547
epoch: 60, train_loss: 0.4997, train_acc: 0.7568, train_auc: 0.7474
epoch: 60, valid_loss: 0.4926, valid_acc: 0.7607, valid_auc: 0.7529
epoch: 61, train_loss: 0.4988, train_acc: 0.7574, train_auc: 0.7488
epoch: 61, valid_loss: 0.4924, valid_acc: 0.7618, valid_auc: 0.7532
epoch: 62, train_loss: 0.4976, train_acc: 0.7579, train_auc: 0.7500
epoch: 62, valid_loss: 0.4915, valid_acc: 0.7613, valid_auc: 0.7530
epoch: 63, train_loss: 0.4981, train_acc: 0.7575, train_auc: 0.7494
epoch: 63, valid_loss: 0.4922, valid_acc: 0.7622, valid_auc: 0.7518
epoch: 64, train_loss: 0.4972, train_acc: 0.7585, train_auc: 0.7502
epoch: 64, valid_loss: 0.4914, valid_acc: 0.7608, valid_auc: 0.7533
epoch: 65, train_loss: 0.4973, train_acc: 0.7580, train_auc: 0.7504
epoch: 65, valid_loss: 0.4909, valid_acc: 0.7619, valid_auc: 0.7538
epoch: 66, train_loss: 0.4979, train_acc: 0.7578, train_auc: 0.7500
epoch: 66, valid_loss: 0.4934, valid_acc: 0.7621, valid_auc: 0.7507
epoch: 67, train_loss: 0.4991, train_acc: 0.7579, train_auc: 0.7482
epoch: 67, valid_loss: 0.4909, valid_acc: 0.7621, valid_auc: 0.7532
epoch: 68, train_loss: 0.4978, train_acc: 0.7586, train_auc: 0.7501
epoch: 68, valid_loss: 0.4905, valid_acc: 0.7615, valid_auc: 0.7539
epoch: 69, train_loss: 0.4974, train_acc: 0.7585, train_auc: 0.7505
epoch: 69, valid_loss: 0.4905, valid_acc: 0.7626, valid_auc: 0.7544
epoch: 70, train_loss: 0.4972, train_acc: 0.7584, train_auc: 0.7505
epoch: 70, valid_loss: 0.4912, valid_acc: 0.7618, valid_auc: 0.7540
epoch: 71, train_loss: 0.4966, train_acc: 0.7581, train_auc: 0.7510
epoch: 71, valid_loss: 0.4905, valid_acc: 0.7618, valid_auc: 0.7542
epoch: 72, train_loss: 0.4971, train_acc: 0.7590, train_auc: 0.7511
epoch: 72, valid_loss: 0.4914, valid_acc: 0.7625, valid_auc: 0.7532
epoch: 73, train_loss: 0.4976, train_acc: 0.7586, train_auc: 0.7504
epoch: 73, valid_loss: 0.4901, valid_acc: 0.7627, valid_auc: 0.7543
epoch: 74, train_loss: 0.4968, train_acc: 0.7584, train_auc: 0.7506
epoch: 74, valid_loss: 0.4901, valid_acc: 0.7628, valid_auc: 0.7543
*******************************************************************************
test_acc: 0.7622, test_auc: 0.7521
*******************************************************************************
epoch: 0, train_loss: 0.5548, train_acc: 0.7340, train_auc: 0.6458
epoch: 0, valid_loss: 0.5220, valid_acc: 0.7459, valid_auc: 0.7111
epoch: 1, train_loss: 0.5290, train_acc: 0.7433, train_auc: 0.7016
epoch: 1, valid_loss: 0.5157, valid_acc: 0.7510, valid_auc: 0.7258
epoch: 2, train_loss: 0.5201, train_acc: 0.7488, train_auc: 0.7165
epoch: 2, valid_loss: 0.5072, valid_acc: 0.7539, valid_auc: 0.7317
epoch: 3, train_loss: 0.5152, train_acc: 0.7511, train_auc: 0.7234
epoch: 3, valid_loss: 0.5072, valid_acc: 0.7579, valid_auc: 0.7362
epoch: 4, train_loss: 0.5128, train_acc: 0.7518, train_auc: 0.7273
epoch: 4, valid_loss: 0.5024, valid_acc: 0.7572, valid_auc: 0.7387
epoch: 5, train_loss: 0.5119, train_acc: 0.7525, train_auc: 0.7293
epoch: 5, valid_loss: 0.5029, valid_acc: 0.7574, valid_auc: 0.7392
epoch: 6, train_loss: 0.5095, train_acc: 0.7537, train_auc: 0.7326
epoch: 6, valid_loss: 0.5000, valid_acc: 0.7568, valid_auc: 0.7408
epoch: 7, train_loss: 0.5089, train_acc: 0.7538, train_auc: 0.7339
epoch: 7, valid_loss: 0.5003, valid_acc: 0.7579, valid_auc: 0.7400
epoch: 8, train_loss: 0.5083, train_acc: 0.7541, train_auc: 0.7343
epoch: 8, valid_loss: 0.4975, valid_acc: 0.7593, valid_auc: 0.7436
epoch: 9, train_loss: 0.5069, train_acc: 0.7546, train_auc: 0.7367
epoch: 9, valid_loss: 0.4969, valid_acc: 0.7602, valid_auc: 0.7446
epoch: 10, train_loss: 0.5058, train_acc: 0.7549, train_auc: 0.7384
epoch: 10, valid_loss: 0.4974, valid_acc: 0.7599, valid_auc: 0.7455
epoch: 11, train_loss: 0.5046, train_acc: 0.7558, train_auc: 0.7397
epoch: 11, valid_loss: 0.4968, valid_acc: 0.7588, valid_auc: 0.7460
epoch: 12, train_loss: 0.5053, train_acc: 0.7553, train_auc: 0.7392
epoch: 12, valid_loss: 0.4993, valid_acc: 0.7585, valid_auc: 0.7430
epoch: 13, train_loss: 0.5054, train_acc: 0.7552, train_auc: 0.7385
epoch: 13, valid_loss: 0.4957, valid_acc: 0.7599, valid_auc: 0.7469
epoch: 14, train_loss: 0.5032, train_acc: 0.7558, train_auc: 0.7418
epoch: 14, valid_loss: 0.4936, valid_acc: 0.7617, valid_auc: 0.7491
epoch: 15, train_loss: 0.5028, train_acc: 0.7556, train_auc: 0.7429
epoch: 15, valid_loss: 0.4935, valid_acc: 0.7609, valid_auc: 0.7499
epoch: 16, train_loss: 0.5020, train_acc: 0.7566, train_auc: 0.7439
epoch: 16, valid_loss: 0.4928, valid_acc: 0.7619, valid_auc: 0.7503
epoch: 17, train_loss: 0.5015, train_acc: 0.7566, train_auc: 0.7448
epoch: 17, valid_loss: 0.4933, valid_acc: 0.7616, valid_auc: 0.7503
epoch: 18, train_loss: 0.5017, train_acc: 0.7568, train_auc: 0.7443
epoch: 18, valid_loss: 0.4929, valid_acc: 0.7609, valid_auc: 0.7511
epoch: 19, train_loss: 0.5011, train_acc: 0.7563, train_auc: 0.7450
epoch: 19, valid_loss: 0.4927, valid_acc: 0.7610, valid_auc: 0.7514
epoch: 20, train_loss: 0.5003, train_acc: 0.7569, train_auc: 0.7458
epoch: 20, valid_loss: 0.4915, valid_acc: 0.7619, valid_auc: 0.7516
epoch: 21, train_loss: 0.5009, train_acc: 0.7570, train_auc: 0.7461
epoch: 21, valid_loss: 0.4928, valid_acc: 0.7612, valid_auc: 0.7502
epoch: 22, train_loss: 0.4999, train_acc: 0.7576, train_auc: 0.7468
epoch: 22, valid_loss: 0.4939, valid_acc: 0.7603, valid_auc: 0.7501
epoch: 23, train_loss: 0.4998, train_acc: 0.7572, train_auc: 0.7467
epoch: 23, valid_loss: 0.4916, valid_acc: 0.7616, valid_auc: 0.7519
epoch: 24, train_loss: 0.4996, train_acc: 0.7576, train_auc: 0.7470
epoch: 24, valid_loss: 0.4919, valid_acc: 0.7616, valid_auc: 0.7521
epoch: 25, train_loss: 0.5000, train_acc: 0.7571, train_auc: 0.7468
epoch: 25, valid_loss: 0.4919, valid_acc: 0.7617, valid_auc: 0.7518
epoch: 26, train_loss: 0.4994, train_acc: 0.7577, train_auc: 0.7478
epoch: 26, valid_loss: 0.4929, valid_acc: 0.7610, valid_auc: 0.7524
epoch: 27, train_loss: 0.4996, train_acc: 0.7574, train_auc: 0.7471
epoch: 27, valid_loss: 0.4913, valid_acc: 0.7623, valid_auc: 0.7523
epoch: 28, train_loss: 0.4990, train_acc: 0.7578, train_auc: 0.7476
epoch: 28, valid_loss: 0.4917, valid_acc: 0.7628, valid_auc: 0.7525
epoch: 29, train_loss: 0.4990, train_acc: 0.7578, train_auc: 0.7480
epoch: 29, valid_loss: 0.4918, valid_acc: 0.7623, valid_auc: 0.7519
epoch: 30, train_loss: 0.4994, train_acc: 0.7572, train_auc: 0.7481
epoch: 30, valid_loss: 0.4912, valid_acc: 0.7621, valid_auc: 0.7524
epoch: 31, train_loss: 0.4999, train_acc: 0.7571, train_auc: 0.7477
epoch: 31, valid_loss: 0.4922, valid_acc: 0.7612, valid_auc: 0.7520
epoch: 32, train_loss: 0.4990, train_acc: 0.7577, train_auc: 0.7483
epoch: 32, valid_loss: 0.4911, valid_acc: 0.7624, valid_auc: 0.7523
epoch: 33, train_loss: 0.4988, train_acc: 0.7576, train_auc: 0.7487
epoch: 33, valid_loss: 0.4908, valid_acc: 0.7624, valid_auc: 0.7532
epoch: 34, train_loss: 0.4985, train_acc: 0.7580, train_auc: 0.7491
epoch: 34, valid_loss: 0.4921, valid_acc: 0.7623, valid_auc: 0.7528
epoch: 35, train_loss: 0.4982, train_acc: 0.7581, train_auc: 0.7487
epoch: 35, valid_loss: 0.4914, valid_acc: 0.7617, valid_auc: 0.7524
epoch: 36, train_loss: 0.4984, train_acc: 0.7579, train_auc: 0.7495
epoch: 36, valid_loss: 0.4915, valid_acc: 0.7606, valid_auc: 0.7537
epoch: 37, train_loss: 0.4998, train_acc: 0.7574, train_auc: 0.7493
epoch: 37, valid_loss: 0.4966, valid_acc: 0.7608, valid_auc: 0.7496
epoch: 38, train_loss: 0.5001, train_acc: 0.7574, train_auc: 0.7469
epoch: 38, valid_loss: 0.4927, valid_acc: 0.7623, valid_auc: 0.7520
epoch: 39, train_loss: 0.4989, train_acc: 0.7574, train_auc: 0.7486
epoch: 39, valid_loss: 0.4925, valid_acc: 0.7620, valid_auc: 0.7515
epoch: 40, train_loss: 0.4999, train_acc: 0.7568, train_auc: 0.7471
epoch: 40, valid_loss: 0.4919, valid_acc: 0.7616, valid_auc: 0.7516
epoch: 41, train_loss: 0.4979, train_acc: 0.7574, train_auc: 0.7488
epoch: 41, valid_loss: 0.4919, valid_acc: 0.7613, valid_auc: 0.7520
epoch: 42, train_loss: 0.4988, train_acc: 0.7578, train_auc: 0.7490
epoch: 42, valid_loss: 0.4906, valid_acc: 0.7621, valid_auc: 0.7533
epoch: 43, train_loss: 0.4982, train_acc: 0.7574, train_auc: 0.7495
epoch: 43, valid_loss: 0.4911, valid_acc: 0.7617, valid_auc: 0.7530
epoch: 44, train_loss: 0.4983, train_acc: 0.7582, train_auc: 0.7496
epoch: 44, valid_loss: 0.4920, valid_acc: 0.7618, valid_auc: 0.7524
epoch: 45, train_loss: 0.4981, train_acc: 0.7580, train_auc: 0.7497
epoch: 45, valid_loss: 0.4909, valid_acc: 0.7616, valid_auc: 0.7534
epoch: 46, train_loss: 0.4977, train_acc: 0.7580, train_auc: 0.7495
epoch: 46, valid_loss: 0.4933, valid_acc: 0.7606, valid_auc: 0.7518
epoch: 47, train_loss: 0.4981, train_acc: 0.7578, train_auc: 0.7497
epoch: 47, valid_loss: 0.4905, valid_acc: 0.7624, valid_auc: 0.7537
epoch: 48, train_loss: 0.4981, train_acc: 0.7579, train_auc: 0.7494
epoch: 48, valid_loss: 0.4914, valid_acc: 0.7615, valid_auc: 0.7531
epoch: 49, train_loss: 0.4982, train_acc: 0.7581, train_auc: 0.7493
epoch: 49, valid_loss: 0.4911, valid_acc: 0.7619, valid_auc: 0.7534
epoch: 50, train_loss: 0.4983, train_acc: 0.7581, train_auc: 0.7492
epoch: 50, valid_loss: 0.4951, valid_acc: 0.7619, valid_auc: 0.7517
epoch: 51, train_loss: 0.4983, train_acc: 0.7577, train_auc: 0.7493
epoch: 51, valid_loss: 0.4912, valid_acc: 0.7619, valid_auc: 0.7540
epoch: 52, train_loss: 0.4982, train_acc: 0.7581, train_auc: 0.7494
epoch: 52, valid_loss: 0.4948, valid_acc: 0.7609, valid_auc: 0.7534
epoch: 53, train_loss: 0.4977, train_acc: 0.7580, train_auc: 0.7502
epoch: 53, valid_loss: 0.4921, valid_acc: 0.7624, valid_auc: 0.7527
epoch: 54, train_loss: 0.4982, train_acc: 0.7577, train_auc: 0.7496
epoch: 54, valid_loss: 0.4907, valid_acc: 0.7625, valid_auc: 0.7536
epoch: 55, train_loss: 0.4975, train_acc: 0.7584, train_auc: 0.7501
epoch: 55, valid_loss: 0.4927, valid_acc: 0.7621, valid_auc: 0.7533
epoch: 56, train_loss: 0.4975, train_acc: 0.7585, train_auc: 0.7507
epoch: 56, valid_loss: 0.4911, valid_acc: 0.7621, valid_auc: 0.7528
epoch: 57, train_loss: 0.4974, train_acc: 0.7576, train_auc: 0.7502
epoch: 57, valid_loss: 0.4929, valid_acc: 0.7615, valid_auc: 0.7508
epoch: 58, train_loss: 0.4981, train_acc: 0.7583, train_auc: 0.7495
epoch: 58, valid_loss: 0.4979, valid_acc: 0.7612, valid_auc: 0.7522
epoch: 59, train_loss: 0.4975, train_acc: 0.7579, train_auc: 0.7502
epoch: 59, valid_loss: 0.4912, valid_acc: 0.7619, valid_auc: 0.7535
epoch: 60, train_loss: 0.4976, train_acc: 0.7585, train_auc: 0.7502
epoch: 60, valid_loss: 0.4912, valid_acc: 0.7622, valid_auc: 0.7530
epoch: 61, train_loss: 0.5029, train_acc: 0.7552, train_auc: 0.7429
epoch: 61, valid_loss: 0.4938, valid_acc: 0.7620, valid_auc: 0.7514
epoch: 62, train_loss: 0.4991, train_acc: 0.7573, train_auc: 0.7482
epoch: 62, valid_loss: 0.4909, valid_acc: 0.7621, valid_auc: 0.7533
epoch: 63, train_loss: 0.4977, train_acc: 0.7582, train_auc: 0.7501
epoch: 63, valid_loss: 0.4910, valid_acc: 0.7625, valid_auc: 0.7532
epoch: 64, train_loss: 0.4975, train_acc: 0.7582, train_auc: 0.7501
epoch: 64, valid_loss: 0.4924, valid_acc: 0.7627, valid_auc: 0.7531
epoch: 65, train_loss: 0.4970, train_acc: 0.7584, train_auc: 0.7505
epoch: 65, valid_loss: 0.4918, valid_acc: 0.7623, valid_auc: 0.7528
epoch: 66, train_loss: 0.4972, train_acc: 0.7583, train_auc: 0.7503
epoch: 66, valid_loss: 0.4919, valid_acc: 0.7623, valid_auc: 0.7533
*******************************************************************************
test_acc: 0.7620, test_auc: 0.7523
*******************************************************************************
epoch: 0, train_loss: 0.5534, train_acc: 0.7342, train_auc: 0.6478
epoch: 0, valid_loss: 0.5181, valid_acc: 0.7464, valid_auc: 0.7134
epoch: 1, train_loss: 0.5278, train_acc: 0.7433, train_auc: 0.7049
epoch: 1, valid_loss: 0.5090, valid_acc: 0.7544, valid_auc: 0.7278
epoch: 2, train_loss: 0.5197, train_acc: 0.7488, train_auc: 0.7174
epoch: 2, valid_loss: 0.5056, valid_acc: 0.7564, valid_auc: 0.7324
epoch: 3, train_loss: 0.5160, train_acc: 0.7507, train_auc: 0.7229
epoch: 3, valid_loss: 0.5021, valid_acc: 0.7575, valid_auc: 0.7364
epoch: 4, train_loss: 0.5140, train_acc: 0.7518, train_auc: 0.7257
epoch: 4, valid_loss: 0.5039, valid_acc: 0.7565, valid_auc: 0.7373
epoch: 5, train_loss: 0.5115, train_acc: 0.7528, train_auc: 0.7287
epoch: 5, valid_loss: 0.5054, valid_acc: 0.7568, valid_auc: 0.7332
epoch: 6, train_loss: 0.5107, train_acc: 0.7524, train_auc: 0.7308
epoch: 6, valid_loss: 0.5006, valid_acc: 0.7575, valid_auc: 0.7394
epoch: 7, train_loss: 0.5092, train_acc: 0.7535, train_auc: 0.7331
epoch: 7, valid_loss: 0.5017, valid_acc: 0.7570, valid_auc: 0.7391
epoch: 8, train_loss: 0.5085, train_acc: 0.7540, train_auc: 0.7344
epoch: 8, valid_loss: 0.4999, valid_acc: 0.7585, valid_auc: 0.7404
epoch: 9, train_loss: 0.5075, train_acc: 0.7544, train_auc: 0.7360
epoch: 9, valid_loss: 0.4979, valid_acc: 0.7596, valid_auc: 0.7439
epoch: 10, train_loss: 0.5067, train_acc: 0.7554, train_auc: 0.7375
epoch: 10, valid_loss: 0.4963, valid_acc: 0.7603, valid_auc: 0.7461
epoch: 11, train_loss: 0.5056, train_acc: 0.7557, train_auc: 0.7389
epoch: 11, valid_loss: 0.4949, valid_acc: 0.7604, valid_auc: 0.7474
epoch: 12, train_loss: 0.5045, train_acc: 0.7556, train_auc: 0.7398
epoch: 12, valid_loss: 0.4955, valid_acc: 0.7601, valid_auc: 0.7464
epoch: 13, train_loss: 0.5038, train_acc: 0.7558, train_auc: 0.7411
epoch: 13, valid_loss: 0.4938, valid_acc: 0.7613, valid_auc: 0.7491
epoch: 14, train_loss: 0.5033, train_acc: 0.7561, train_auc: 0.7424
epoch: 14, valid_loss: 0.4938, valid_acc: 0.7612, valid_auc: 0.7490
epoch: 15, train_loss: 0.5023, train_acc: 0.7562, train_auc: 0.7431
epoch: 15, valid_loss: 0.4936, valid_acc: 0.7619, valid_auc: 0.7506
epoch: 16, train_loss: 0.5020, train_acc: 0.7564, train_auc: 0.7440
epoch: 16, valid_loss: 0.4973, valid_acc: 0.7617, valid_auc: 0.7488
epoch: 17, train_loss: 0.5017, train_acc: 0.7564, train_auc: 0.7439
epoch: 17, valid_loss: 0.4926, valid_acc: 0.7624, valid_auc: 0.7509
epoch: 18, train_loss: 0.5016, train_acc: 0.7568, train_auc: 0.7455
epoch: 18, valid_loss: 0.4947, valid_acc: 0.7599, valid_auc: 0.7498
epoch: 19, train_loss: 0.5010, train_acc: 0.7567, train_auc: 0.7449
epoch: 19, valid_loss: 0.4927, valid_acc: 0.7612, valid_auc: 0.7507
epoch: 20, train_loss: 0.5002, train_acc: 0.7573, train_auc: 0.7460
epoch: 20, valid_loss: 0.4929, valid_acc: 0.7611, valid_auc: 0.7510
epoch: 21, train_loss: 0.5011, train_acc: 0.7568, train_auc: 0.7453
epoch: 21, valid_loss: 0.4931, valid_acc: 0.7620, valid_auc: 0.7511
epoch: 22, train_loss: 0.5001, train_acc: 0.7566, train_auc: 0.7463
epoch: 22, valid_loss: 0.4931, valid_acc: 0.7618, valid_auc: 0.7521
epoch: 23, train_loss: 0.4999, train_acc: 0.7572, train_auc: 0.7466
epoch: 23, valid_loss: 0.4917, valid_acc: 0.7622, valid_auc: 0.7523
epoch: 24, train_loss: 0.5071, train_acc: 0.7563, train_auc: 0.7450
epoch: 24, valid_loss: 0.4920, valid_acc: 0.7621, valid_auc: 0.7520
epoch: 25, train_loss: 0.5020, train_acc: 0.7567, train_auc: 0.7449
epoch: 25, valid_loss: 0.4952, valid_acc: 0.7610, valid_auc: 0.7503
epoch: 26, train_loss: 0.5180, train_acc: 0.7568, train_auc: 0.7455
epoch: 26, valid_loss: 0.5122, valid_acc: 0.7591, valid_auc: 0.7469
epoch: 27, train_loss: 0.5051, train_acc: 0.7536, train_auc: 0.7407
epoch: 27, valid_loss: 0.4938, valid_acc: 0.7618, valid_auc: 0.7489
epoch: 28, train_loss: 0.5014, train_acc: 0.7562, train_auc: 0.7454
epoch: 28, valid_loss: 0.4921, valid_acc: 0.7621, valid_auc: 0.7515
epoch: 29, train_loss: 0.5011, train_acc: 0.7566, train_auc: 0.7463
epoch: 29, valid_loss: 0.4944, valid_acc: 0.7611, valid_auc: 0.7488
epoch: 30, train_loss: 0.5005, train_acc: 0.7562, train_auc: 0.7464
epoch: 30, valid_loss: 0.4919, valid_acc: 0.7614, valid_auc: 0.7518
epoch: 31, train_loss: 0.4999, train_acc: 0.7570, train_auc: 0.7473
epoch: 31, valid_loss: 0.4917, valid_acc: 0.7621, valid_auc: 0.7518
epoch: 32, train_loss: 0.4998, train_acc: 0.7572, train_auc: 0.7473
epoch: 32, valid_loss: 0.5070, valid_acc: 0.7612, valid_auc: 0.7518
epoch: 33, train_loss: 0.5001, train_acc: 0.7569, train_auc: 0.7471
epoch: 33, valid_loss: 0.4913, valid_acc: 0.7616, valid_auc: 0.7526
epoch: 34, train_loss: 0.4993, train_acc: 0.7577, train_auc: 0.7477
epoch: 34, valid_loss: 0.4934, valid_acc: 0.7601, valid_auc: 0.7516
epoch: 35, train_loss: 0.4989, train_acc: 0.7577, train_auc: 0.7484
epoch: 35, valid_loss: 0.4906, valid_acc: 0.7631, valid_auc: 0.7531
epoch: 36, train_loss: 0.5001, train_acc: 0.7571, train_auc: 0.7471
epoch: 36, valid_loss: 0.4930, valid_acc: 0.7616, valid_auc: 0.7506
epoch: 37, train_loss: 0.4989, train_acc: 0.7575, train_auc: 0.7483
epoch: 37, valid_loss: 0.4912, valid_acc: 0.7623, valid_auc: 0.7527
epoch: 38, train_loss: 0.4994, train_acc: 0.7574, train_auc: 0.7476
epoch: 38, valid_loss: 0.4924, valid_acc: 0.7613, valid_auc: 0.7516
epoch: 39, train_loss: 0.4989, train_acc: 0.7581, train_auc: 0.7483
epoch: 39, valid_loss: 0.4912, valid_acc: 0.7620, valid_auc: 0.7530
epoch: 40, train_loss: 0.4985, train_acc: 0.7580, train_auc: 0.7490
epoch: 40, valid_loss: 0.4913, valid_acc: 0.7628, valid_auc: 0.7534
epoch: 41, train_loss: 0.4978, train_acc: 0.7580, train_auc: 0.7496
epoch: 41, valid_loss: 0.4902, valid_acc: 0.7628, valid_auc: 0.7540
epoch: 42, train_loss: 0.4978, train_acc: 0.7581, train_auc: 0.7495
epoch: 42, valid_loss: 0.4910, valid_acc: 0.7628, valid_auc: 0.7531
epoch: 43, train_loss: 0.4983, train_acc: 0.7578, train_auc: 0.7491
epoch: 43, valid_loss: 0.4907, valid_acc: 0.7624, valid_auc: 0.7539
epoch: 44, train_loss: 0.4977, train_acc: 0.7584, train_auc: 0.7496
epoch: 44, valid_loss: 0.4913, valid_acc: 0.7611, valid_auc: 0.7539
epoch: 45, train_loss: 0.4979, train_acc: 0.7584, train_auc: 0.7500
epoch: 45, valid_loss: 0.4903, valid_acc: 0.7626, valid_auc: 0.7538
epoch: 46, train_loss: 0.4971, train_acc: 0.7586, train_auc: 0.7503
epoch: 46, valid_loss: 0.4917, valid_acc: 0.7617, valid_auc: 0.7531
epoch: 47, train_loss: 0.4971, train_acc: 0.7586, train_auc: 0.7501
epoch: 47, valid_loss: 0.4916, valid_acc: 0.7612, valid_auc: 0.7531
epoch: 48, train_loss: 0.4978, train_acc: 0.7587, train_auc: 0.7499
epoch: 48, valid_loss: 0.4913, valid_acc: 0.7624, valid_auc: 0.7527
epoch: 49, train_loss: 0.4974, train_acc: 0.7583, train_auc: 0.7499
epoch: 49, valid_loss: 0.4905, valid_acc: 0.7624, valid_auc: 0.7538
epoch: 50, train_loss: 0.5000, train_acc: 0.7573, train_auc: 0.7479
epoch: 50, valid_loss: 0.4919, valid_acc: 0.7625, valid_auc: 0.7520
epoch: 51, train_loss: 0.4981, train_acc: 0.7582, train_auc: 0.7492
epoch: 51, valid_loss: 0.4915, valid_acc: 0.7631, valid_auc: 0.7534
epoch: 52, train_loss: 0.4986, train_acc: 0.7576, train_auc: 0.7486
epoch: 52, valid_loss: 0.4912, valid_acc: 0.7627, valid_auc: 0.7532
epoch: 53, train_loss: 0.4981, train_acc: 0.7580, train_auc: 0.7498
epoch: 53, valid_loss: 0.4906, valid_acc: 0.7620, valid_auc: 0.7541
epoch: 54, train_loss: 0.4974, train_acc: 0.7580, train_auc: 0.7499
epoch: 54, valid_loss: 0.4903, valid_acc: 0.7622, valid_auc: 0.7542
epoch: 55, train_loss: 0.4978, train_acc: 0.7584, train_auc: 0.7502
epoch: 55, valid_loss: 0.4907, valid_acc: 0.7626, valid_auc: 0.7540
epoch: 56, train_loss: 0.4982, train_acc: 0.7581, train_auc: 0.7492
epoch: 56, valid_loss: 0.4903, valid_acc: 0.7623, valid_auc: 0.7539
epoch: 57, train_loss: 0.4985, train_acc: 0.7577, train_auc: 0.7491
epoch: 57, valid_loss: 0.4912, valid_acc: 0.7615, valid_auc: 0.7534
epoch: 58, train_loss: 0.4980, train_acc: 0.7578, train_auc: 0.7494
epoch: 58, valid_loss: 0.4902, valid_acc: 0.7627, valid_auc: 0.7542
epoch: 59, train_loss: 0.5005, train_acc: 0.7574, train_auc: 0.7482
epoch: 59, valid_loss: 0.4930, valid_acc: 0.7619, valid_auc: 0.7509
epoch: 60, train_loss: 0.4990, train_acc: 0.7572, train_auc: 0.7474
epoch: 60, valid_loss: 0.4910, valid_acc: 0.7622, valid_auc: 0.7528
epoch: 61, train_loss: 0.4995, train_acc: 0.7578, train_auc: 0.7484
epoch: 61, valid_loss: 0.4927, valid_acc: 0.7626, valid_auc: 0.7522
epoch: 62, train_loss: 0.4989, train_acc: 0.7577, train_auc: 0.7485
epoch: 62, valid_loss: 0.4912, valid_acc: 0.7625, valid_auc: 0.7529
epoch: 63, train_loss: 0.4983, train_acc: 0.7575, train_auc: 0.7491
epoch: 63, valid_loss: 0.4924, valid_acc: 0.7598, valid_auc: 0.7532
epoch: 64, train_loss: 0.4981, train_acc: 0.7577, train_auc: 0.7496
epoch: 64, valid_loss: 0.4918, valid_acc: 0.7621, valid_auc: 0.7530
epoch: 65, train_loss: 0.4979, train_acc: 0.7580, train_auc: 0.7498
epoch: 65, valid_loss: 0.4917, valid_acc: 0.7616, valid_auc: 0.7537
epoch: 66, train_loss: 0.4979, train_acc: 0.7578, train_auc: 0.7498
epoch: 66, valid_loss: 0.4911, valid_acc: 0.7617, valid_auc: 0.7536
epoch: 67, train_loss: 0.4973, train_acc: 0.7589, train_auc: 0.7505
epoch: 67, valid_loss: 0.4906, valid_acc: 0.7625, valid_auc: 0.7542
epoch: 68, train_loss: 0.4972, train_acc: 0.7585, train_auc: 0.7507
epoch: 68, valid_loss: 0.4916, valid_acc: 0.7622, valid_auc: 0.7537
epoch: 69, train_loss: 0.4974, train_acc: 0.7583, train_auc: 0.7498
epoch: 69, valid_loss: 0.4913, valid_acc: 0.7616, valid_auc: 0.7535
*******************************************************************************
test_acc: 0.7616, test_auc: 0.7510
*******************************************************************************
epoch: 0, train_loss: 0.5572, train_acc: 0.7345, train_auc: 0.6387
epoch: 0, valid_loss: 0.5206, valid_acc: 0.7455, valid_auc: 0.7096
epoch: 1, train_loss: 0.5310, train_acc: 0.7422, train_auc: 0.7001
epoch: 1, valid_loss: 0.5107, valid_acc: 0.7534, valid_auc: 0.7267
epoch: 2, train_loss: 0.5216, train_acc: 0.7474, train_auc: 0.7152
epoch: 2, valid_loss: 0.5068, valid_acc: 0.7561, valid_auc: 0.7316
epoch: 3, train_loss: 0.5165, train_acc: 0.7501, train_auc: 0.7223
epoch: 3, valid_loss: 0.5036, valid_acc: 0.7574, valid_auc: 0.7352
epoch: 4, train_loss: 0.5138, train_acc: 0.7522, train_auc: 0.7257
epoch: 4, valid_loss: 0.5031, valid_acc: 0.7571, valid_auc: 0.7376
epoch: 5, train_loss: 0.5125, train_acc: 0.7524, train_auc: 0.7280
epoch: 5, valid_loss: 0.5022, valid_acc: 0.7557, valid_auc: 0.7383
epoch: 6, train_loss: 0.5115, train_acc: 0.7529, train_auc: 0.7301
epoch: 6, valid_loss: 0.5014, valid_acc: 0.7578, valid_auc: 0.7378
epoch: 7, train_loss: 0.5101, train_acc: 0.7529, train_auc: 0.7315
epoch: 7, valid_loss: 0.5008, valid_acc: 0.7576, valid_auc: 0.7407
epoch: 8, train_loss: 0.5089, train_acc: 0.7539, train_auc: 0.7331
epoch: 8, valid_loss: 0.5011, valid_acc: 0.7583, valid_auc: 0.7406
epoch: 9, train_loss: 0.5084, train_acc: 0.7538, train_auc: 0.7347
epoch: 9, valid_loss: 0.4990, valid_acc: 0.7582, valid_auc: 0.7419
epoch: 10, train_loss: 0.5080, train_acc: 0.7542, train_auc: 0.7350
epoch: 10, valid_loss: 0.4981, valid_acc: 0.7582, valid_auc: 0.7431
epoch: 11, train_loss: 0.5063, train_acc: 0.7543, train_auc: 0.7377
epoch: 11, valid_loss: 0.4962, valid_acc: 0.7601, valid_auc: 0.7460
epoch: 12, train_loss: 0.5053, train_acc: 0.7554, train_auc: 0.7392
epoch: 12, valid_loss: 0.4957, valid_acc: 0.7591, valid_auc: 0.7466
epoch: 13, train_loss: 0.5039, train_acc: 0.7561, train_auc: 0.7411
epoch: 13, valid_loss: 0.4957, valid_acc: 0.7604, valid_auc: 0.7479
epoch: 14, train_loss: 0.5034, train_acc: 0.7559, train_auc: 0.7417
epoch: 14, valid_loss: 0.4951, valid_acc: 0.7610, valid_auc: 0.7490
epoch: 15, train_loss: 0.5024, train_acc: 0.7558, train_auc: 0.7429
epoch: 15, valid_loss: 0.4943, valid_acc: 0.7610, valid_auc: 0.7485
epoch: 16, train_loss: 0.5028, train_acc: 0.7566, train_auc: 0.7428
epoch: 16, valid_loss: 0.4991, valid_acc: 0.7606, valid_auc: 0.7471
epoch: 17, train_loss: 0.5060, train_acc: 0.7541, train_auc: 0.7371
epoch: 17, valid_loss: 0.4969, valid_acc: 0.7595, valid_auc: 0.7449
epoch: 18, train_loss: 0.5047, train_acc: 0.7551, train_auc: 0.7397
epoch: 18, valid_loss: 0.4961, valid_acc: 0.7602, valid_auc: 0.7464
epoch: 19, train_loss: 0.5035, train_acc: 0.7554, train_auc: 0.7417
epoch: 19, valid_loss: 0.4962, valid_acc: 0.7603, valid_auc: 0.7476
epoch: 20, train_loss: 0.5024, train_acc: 0.7563, train_auc: 0.7429
epoch: 20, valid_loss: 0.4938, valid_acc: 0.7606, valid_auc: 0.7494
epoch: 21, train_loss: 0.5074, train_acc: 0.7552, train_auc: 0.7423
epoch: 21, valid_loss: 0.4928, valid_acc: 0.7615, valid_auc: 0.7506
epoch: 22, train_loss: 0.5027, train_acc: 0.7558, train_auc: 0.7433
epoch: 22, valid_loss: 0.4929, valid_acc: 0.7614, valid_auc: 0.7501
epoch: 23, train_loss: 0.5013, train_acc: 0.7563, train_auc: 0.7449
epoch: 23, valid_loss: 0.4927, valid_acc: 0.7615, valid_auc: 0.7504
epoch: 24, train_loss: 0.5004, train_acc: 0.7568, train_auc: 0.7461
epoch: 24, valid_loss: 0.4929, valid_acc: 0.7620, valid_auc: 0.7505
epoch: 25, train_loss: 0.5008, train_acc: 0.7572, train_auc: 0.7458
epoch: 25, valid_loss: 0.4919, valid_acc: 0.7621, valid_auc: 0.7519
epoch: 26, train_loss: 1.2681, train_acc: 0.7525, train_auc: 0.7251
epoch: 26, valid_loss: 25.9156, valid_acc: 0.7371, valid_auc: 0.5014
epoch: 27, train_loss: 14.4227, train_acc: 0.7319, train_auc: 0.5029
epoch: 27, valid_loss: 0.6121, valid_acc: 0.7371, valid_auc: 0.5014
epoch: 28, train_loss: 0.5884, train_acc: 0.7335, train_auc: 0.5019
epoch: 28, valid_loss: 0.5744, valid_acc: 0.7371, valid_auc: 0.4999
epoch: 29, train_loss: 0.5793, train_acc: 0.7335, train_auc: 0.4949
epoch: 29, valid_loss: 0.5744, valid_acc: 0.7371, valid_auc: 0.4999
epoch: 30, train_loss: 0.5792, train_acc: 0.7335, train_auc: 0.4979
epoch: 30, valid_loss: 0.5744, valid_acc: 0.7371, valid_auc: 0.4999
epoch: 31, train_loss: 0.5793, train_acc: 0.7335, train_auc: 0.4954
epoch: 31, valid_loss: 0.5744, valid_acc: 0.7371, valid_auc: 0.4999
epoch: 32, train_loss: 0.5794, train_acc: 0.7335, train_auc: 0.4965
epoch: 32, valid_loss: 0.5744, valid_acc: 0.7371, valid_auc: 0.4999
epoch: 33, train_loss: 0.5791, train_acc: 0.7335, train_auc: 0.4939
epoch: 33, valid_loss: 0.5744, valid_acc: 0.7371, valid_auc: 0.5000
epoch: 34, train_loss: 0.5793, train_acc: 0.7335, train_auc: 0.4978
epoch: 34, valid_loss: 0.5744, valid_acc: 0.7371, valid_auc: 0.4999
epoch: 35, train_loss: 0.5792, train_acc: 0.7335, train_auc: 0.4969
epoch: 35, valid_loss: 0.5744, valid_acc: 0.7371, valid_auc: 0.5001
epoch: 36, train_loss: 0.5792, train_acc: 0.7335, train_auc: 0.4932
epoch: 36, valid_loss: 0.5744, valid_acc: 0.7371, valid_auc: 0.4999
epoch: 37, train_loss: 0.5791, train_acc: 0.7335, train_auc: 0.4953
epoch: 37, valid_loss: 0.5744, valid_acc: 0.7371, valid_auc: 0.5000
epoch: 38, train_loss: 0.5793, train_acc: 0.7335, train_auc: 0.4970
epoch: 38, valid_loss: 0.5744, valid_acc: 0.7371, valid_auc: 0.5000
epoch: 39, train_loss: 0.5793, train_acc: 0.7335, train_auc: 0.4990
epoch: 39, valid_loss: 0.5744, valid_acc: 0.7371, valid_auc: 0.5000
epoch: 40, train_loss: 0.5796, train_acc: 0.7335, train_auc: 0.4952
epoch: 40, valid_loss: 0.5744, valid_acc: 0.7371, valid_auc: 0.5000
*******************************************************************************
test_acc: 0.7602, test_auc: 0.7483
*******************************************************************************
epoch: 0, train_loss: 0.5544, train_acc: 0.7343, train_auc: 0.6445
epoch: 0, valid_loss: 0.5240, valid_acc: 0.7440, valid_auc: 0.7102
epoch: 1, train_loss: 0.5290, train_acc: 0.7415, train_auc: 0.7024
epoch: 1, valid_loss: 0.5164, valid_acc: 0.7504, valid_auc: 0.7251
epoch: 2, train_loss: 0.5213, train_acc: 0.7468, train_auc: 0.7155
epoch: 2, valid_loss: 0.5202, valid_acc: 0.7525, valid_auc: 0.7270
epoch: 3, train_loss: 0.5163, train_acc: 0.7499, train_auc: 0.7219
epoch: 3, valid_loss: 0.5090, valid_acc: 0.7556, valid_auc: 0.7298
epoch: 4, train_loss: 0.5133, train_acc: 0.7511, train_auc: 0.7263
epoch: 4, valid_loss: 0.6088, valid_acc: 0.7490, valid_auc: 0.7298
epoch: 5, train_loss: 0.5118, train_acc: 0.7523, train_auc: 0.7290
epoch: 5, valid_loss: 0.5036, valid_acc: 0.7562, valid_auc: 0.7346
epoch: 6, train_loss: 0.5102, train_acc: 0.7534, train_auc: 0.7312
epoch: 6, valid_loss: 0.5021, valid_acc: 0.7570, valid_auc: 0.7385
epoch: 7, train_loss: 0.5088, train_acc: 0.7532, train_auc: 0.7332
epoch: 7, valid_loss: 0.5001, valid_acc: 0.7579, valid_auc: 0.7415
epoch: 8, train_loss: 0.5086, train_acc: 0.7535, train_auc: 0.7346
epoch: 8, valid_loss: 0.4990, valid_acc: 0.7580, valid_auc: 0.7427
epoch: 9, train_loss: 0.5065, train_acc: 0.7542, train_auc: 0.7368
epoch: 9, valid_loss: 0.4966, valid_acc: 0.7589, valid_auc: 0.7458
epoch: 10, train_loss: 0.5055, train_acc: 0.7549, train_auc: 0.7382
epoch: 10, valid_loss: 0.4985, valid_acc: 0.7581, valid_auc: 0.7448
epoch: 11, train_loss: 0.5047, train_acc: 0.7551, train_auc: 0.7400
epoch: 11, valid_loss: 0.4960, valid_acc: 0.7600, valid_auc: 0.7461
epoch: 12, train_loss: 0.5041, train_acc: 0.7559, train_auc: 0.7408
epoch: 12, valid_loss: 0.4953, valid_acc: 0.7604, valid_auc: 0.7469
epoch: 13, train_loss: 0.5037, train_acc: 0.7553, train_auc: 0.7411
epoch: 13, valid_loss: 0.4954, valid_acc: 0.7612, valid_auc: 0.7494
epoch: 14, train_loss: 0.5030, train_acc: 0.7563, train_auc: 0.7428
epoch: 14, valid_loss: 0.4936, valid_acc: 0.7612, valid_auc: 0.7500
epoch: 15, train_loss: 0.5020, train_acc: 0.7563, train_auc: 0.7434
epoch: 15, valid_loss: 0.5014, valid_acc: 0.7599, valid_auc: 0.7456
epoch: 16, train_loss: 0.5019, train_acc: 0.7563, train_auc: 0.7442
epoch: 16, valid_loss: 0.4934, valid_acc: 0.7613, valid_auc: 0.7503
epoch: 17, train_loss: 0.5015, train_acc: 0.7567, train_auc: 0.7449
epoch: 17, valid_loss: 0.4935, valid_acc: 0.7615, valid_auc: 0.7503
epoch: 18, train_loss: 0.5008, train_acc: 0.7575, train_auc: 0.7455
epoch: 18, valid_loss: 0.4933, valid_acc: 0.7608, valid_auc: 0.7507
epoch: 19, train_loss: 0.5007, train_acc: 0.7570, train_auc: 0.7459
epoch: 19, valid_loss: 0.4924, valid_acc: 0.7616, valid_auc: 0.7512
epoch: 20, train_loss: 0.5061, train_acc: 0.7551, train_auc: 0.7407
epoch: 20, valid_loss: 0.5004, valid_acc: 0.7567, valid_auc: 0.7403
epoch: 21, train_loss: 0.5080, train_acc: 0.7529, train_auc: 0.7354
epoch: 21, valid_loss: 0.4988, valid_acc: 0.7583, valid_auc: 0.7428
epoch: 22, train_loss: 0.5067, train_acc: 0.7538, train_auc: 0.7379
epoch: 22, valid_loss: 0.4983, valid_acc: 0.7584, valid_auc: 0.7434
epoch: 23, train_loss: 0.5046, train_acc: 0.7549, train_auc: 0.7399
epoch: 23, valid_loss: 0.5066, valid_acc: 0.7589, valid_auc: 0.7409
epoch: 24, train_loss: 0.5041, train_acc: 0.7546, train_auc: 0.7415
epoch: 24, valid_loss: 0.4942, valid_acc: 0.7607, valid_auc: 0.7485
epoch: 25, train_loss: 0.5027, train_acc: 0.7558, train_auc: 0.7429
epoch: 25, valid_loss: 0.4948, valid_acc: 0.7597, valid_auc: 0.7483
epoch: 26, train_loss: 0.5030, train_acc: 0.7552, train_auc: 0.7428
epoch: 26, valid_loss: 0.4946, valid_acc: 0.7597, valid_auc: 0.7496
epoch: 27, train_loss: 0.5017, train_acc: 0.7554, train_auc: 0.7442
epoch: 27, valid_loss: 0.4940, valid_acc: 0.7609, valid_auc: 0.7489
epoch: 28, train_loss: 0.5009, train_acc: 0.7562, train_auc: 0.7450
epoch: 28, valid_loss: 0.4934, valid_acc: 0.7606, valid_auc: 0.7503
epoch: 29, train_loss: 0.5018, train_acc: 0.7562, train_auc: 0.7445
epoch: 29, valid_loss: 0.4954, valid_acc: 0.7612, valid_auc: 0.7497
epoch: 30, train_loss: 0.5012, train_acc: 0.7559, train_auc: 0.7451
epoch: 30, valid_loss: 0.4924, valid_acc: 0.7616, valid_auc: 0.7508
epoch: 31, train_loss: 0.5004, train_acc: 0.7564, train_auc: 0.7465
epoch: 31, valid_loss: 0.4922, valid_acc: 0.7611, valid_auc: 0.7515
epoch: 32, train_loss: 0.5007, train_acc: 0.7563, train_auc: 0.7464
epoch: 32, valid_loss: 0.4924, valid_acc: 0.7613, valid_auc: 0.7517
epoch: 33, train_loss: 0.5001, train_acc: 0.7572, train_auc: 0.7465
epoch: 33, valid_loss: 0.4916, valid_acc: 0.7616, valid_auc: 0.7523
epoch: 34, train_loss: 0.5000, train_acc: 0.7564, train_auc: 0.7464
epoch: 34, valid_loss: 0.4943, valid_acc: 0.7617, valid_auc: 0.7507
epoch: 35, train_loss: 0.5004, train_acc: 0.7568, train_auc: 0.7467
epoch: 35, valid_loss: 0.4918, valid_acc: 0.7612, valid_auc: 0.7530
epoch: 36, train_loss: 0.5002, train_acc: 0.7568, train_auc: 0.7471
epoch: 36, valid_loss: 0.4927, valid_acc: 0.7614, valid_auc: 0.7518
epoch: 37, train_loss: 13.5101, train_acc: 0.7409, train_auc: 0.5594
epoch: 37, valid_loss: 25.9174, valid_acc: 0.7368, valid_auc: 0.5012
epoch: 38, train_loss: 15.1993, train_acc: 0.7308, train_auc: 0.5067
epoch: 38, valid_loss: 0.5802, valid_acc: 0.7371, valid_auc: 0.4564
epoch: 39, train_loss: 0.5718, train_acc: 0.7334, train_auc: 0.5655
epoch: 39, valid_loss: 0.5451, valid_acc: 0.7371, valid_auc: 0.6840
epoch: 40, train_loss: 0.5624, train_acc: 0.7334, train_auc: 0.5918
epoch: 40, valid_loss: 0.5439, valid_acc: 0.7371, valid_auc: 0.6911
epoch: 41, train_loss: 0.5608, train_acc: 0.7335, train_auc: 0.5940
epoch: 41, valid_loss: 0.5602, valid_acc: 0.7371, valid_auc: 0.6765
epoch: 42, train_loss: 0.5580, train_acc: 0.7334, train_auc: 0.6186
epoch: 42, valid_loss: 0.5667, valid_acc: 0.7371, valid_auc: 0.6742
epoch: 43, train_loss: 0.5519, train_acc: 0.7334, train_auc: 0.6411
epoch: 43, valid_loss: 0.5897, valid_acc: 0.7372, valid_auc: 0.6763
epoch: 44, train_loss: 0.5494, train_acc: 0.7335, train_auc: 0.6473
epoch: 44, valid_loss: 0.6412, valid_acc: 0.7371, valid_auc: 0.6748
epoch: 45, train_loss: 0.5488, train_acc: 0.7335, train_auc: 0.6483
epoch: 45, valid_loss: 0.5876, valid_acc: 0.7371, valid_auc: 0.6872
epoch: 46, train_loss: 0.5488, train_acc: 0.7335, train_auc: 0.6506
epoch: 46, valid_loss: 0.6028, valid_acc: 0.7371, valid_auc: 0.6866
epoch: 47, train_loss: 0.5468, train_acc: 0.7335, train_auc: 0.6534
epoch: 47, valid_loss: 0.8505, valid_acc: 0.7372, valid_auc: 0.6677
epoch: 48, train_loss: 0.5467, train_acc: 0.7335, train_auc: 0.6552
epoch: 48, valid_loss: 0.7598, valid_acc: 0.7371, valid_auc: 0.6757
epoch: 49, train_loss: 0.5465, train_acc: 0.7335, train_auc: 0.6540
epoch: 49, valid_loss: 0.6492, valid_acc: 0.7371, valid_auc: 0.6799
epoch: 50, train_loss: 0.5461, train_acc: 0.7335, train_auc: 0.6576
epoch: 50, valid_loss: 0.6469, valid_acc: 0.7372, valid_auc: 0.6884
*******************************************************************************
test_acc: 0.7608, test_auc: 0.7511
*******************************************************************************
*******************************************************************************
*******************************************************************************
*******************************************************************************
*******************************************************************************
*******************************************************************************
assist15_final_avg_acc: 0.7614, assist15_final_avg_auc: 0.7510
*******************************************************************************
*******************************************************************************
*******************************************************************************
*******************************************************************************
*******************************************************************************
epoch: 0, train_loss: 0.5690, train_acc: 0.7184, train_auc: 0.6754
epoch: 0, valid_loss: 0.5471, valid_acc: 0.7339, valid_auc: 0.7283
epoch: 1, train_loss: 0.5357, train_acc: 0.7391, train_auc: 0.7323
epoch: 1, valid_loss: 0.5274, valid_acc: 0.7464, valid_auc: 0.7616
epoch: 2, train_loss: 0.5152, train_acc: 0.7516, train_auc: 0.7612
epoch: 2, valid_loss: 0.5161, valid_acc: 0.7541, valid_auc: 0.7735
epoch: 3, train_loss: 0.5070, train_acc: 0.7565, train_auc: 0.7718
epoch: 3, valid_loss: 0.5119, valid_acc: 0.7560, valid_auc: 0.7775
epoch: 4, train_loss: 0.5021, train_acc: 0.7586, train_auc: 0.7772
epoch: 4, valid_loss: 0.5610, valid_acc: 0.7461, valid_auc: 0.7731
epoch: 5, train_loss: 0.5008, train_acc: 0.7595, train_auc: 0.7788
epoch: 5, valid_loss: 0.5076, valid_acc: 0.7596, valid_auc: 0.7813
epoch: 6, train_loss: 0.4984, train_acc: 0.7611, train_auc: 0.7820
epoch: 6, valid_loss: 0.5130, valid_acc: 0.7574, valid_auc: 0.7795
epoch: 7, train_loss: 0.4973, train_acc: 0.7615, train_auc: 0.7833
epoch: 7, valid_loss: 0.5141, valid_acc: 0.7570, valid_auc: 0.7826
epoch: 8, train_loss: 0.4962, train_acc: 0.7622, train_auc: 0.7844
epoch: 8, valid_loss: 0.5056, valid_acc: 0.7609, valid_auc: 0.7837
epoch: 9, train_loss: 0.4945, train_acc: 0.7631, train_auc: 0.7861
epoch: 9, valid_loss: 0.5058, valid_acc: 0.7601, valid_auc: 0.7837
epoch: 10, train_loss: 0.4957, train_acc: 0.7637, train_auc: 0.7871
epoch: 10, valid_loss: 0.5122, valid_acc: 0.7605, valid_auc: 0.7824
epoch: 11, train_loss: 0.4927, train_acc: 0.7643, train_auc: 0.7885
epoch: 11, valid_loss: 0.5050, valid_acc: 0.7607, valid_auc: 0.7841
epoch: 12, train_loss: 0.4911, train_acc: 0.7648, train_auc: 0.7897
epoch: 12, valid_loss: 0.5064, valid_acc: 0.7597, valid_auc: 0.7843
epoch: 13, train_loss: 0.4900, train_acc: 0.7656, train_auc: 0.7910
epoch: 13, valid_loss: 0.5055, valid_acc: 0.7608, valid_auc: 0.7838
epoch: 14, train_loss: 0.4887, train_acc: 0.7661, train_auc: 0.7921
epoch: 14, valid_loss: 0.5130, valid_acc: 0.7597, valid_auc: 0.7822
epoch: 15, train_loss: 0.4883, train_acc: 0.7668, train_auc: 0.7929
epoch: 15, valid_loss: 0.5059, valid_acc: 0.7605, valid_auc: 0.7842
epoch: 16, train_loss: 0.4874, train_acc: 0.7673, train_auc: 0.7942
epoch: 16, valid_loss: 0.5041, valid_acc: 0.7608, valid_auc: 0.7849
epoch: 17, train_loss: 0.4857, train_acc: 0.7678, train_auc: 0.7953
epoch: 17, valid_loss: 0.5035, valid_acc: 0.7607, valid_auc: 0.7849
epoch: 18, train_loss: 0.4868, train_acc: 0.7674, train_auc: 0.7946
epoch: 18, valid_loss: 0.5680, valid_acc: 0.7593, valid_auc: 0.7796
epoch: 19, train_loss: 0.4857, train_acc: 0.7677, train_auc: 0.7950
epoch: 19, valid_loss: 0.5061, valid_acc: 0.7593, valid_auc: 0.7833
epoch: 20, train_loss: 0.4844, train_acc: 0.7686, train_auc: 0.7967
epoch: 20, valid_loss: 0.5042, valid_acc: 0.7604, valid_auc: 0.7837
epoch: 21, train_loss: 0.4827, train_acc: 0.7695, train_auc: 0.7984
epoch: 21, valid_loss: 0.5043, valid_acc: 0.7600, valid_auc: 0.7837
epoch: 22, train_loss: 0.4819, train_acc: 0.7701, train_auc: 0.7992
epoch: 22, valid_loss: 0.5046, valid_acc: 0.7596, valid_auc: 0.7835
epoch: 23, train_loss: 0.4805, train_acc: 0.7709, train_auc: 0.8006
epoch: 23, valid_loss: 0.5043, valid_acc: 0.7604, valid_auc: 0.7830
epoch: 24, train_loss: 0.4791, train_acc: 0.7715, train_auc: 0.8021
epoch: 24, valid_loss: 0.5047, valid_acc: 0.7607, valid_auc: 0.7831
epoch: 25, train_loss: 0.4784, train_acc: 0.7718, train_auc: 0.8029
epoch: 25, valid_loss: 0.5057, valid_acc: 0.7590, valid_auc: 0.7820
epoch: 26, train_loss: 0.4775, train_acc: 0.7723, train_auc: 0.8040
epoch: 26, valid_loss: 0.5062, valid_acc: 0.7582, valid_auc: 0.7823
epoch: 27, train_loss: 0.4764, train_acc: 0.7731, train_auc: 0.8051
epoch: 27, valid_loss: 0.5066, valid_acc: 0.7583, valid_auc: 0.7816
epoch: 28, train_loss: 0.4754, train_acc: 0.7737, train_auc: 0.8064
epoch: 28, valid_loss: 0.5055, valid_acc: 0.7598, valid_auc: 0.7823
epoch: 29, train_loss: 0.4738, train_acc: 0.7741, train_auc: 0.8077
epoch: 29, valid_loss: 0.5073, valid_acc: 0.7588, valid_auc: 0.7807
epoch: 30, train_loss: 0.4729, train_acc: 0.7749, train_auc: 0.8086
epoch: 30, valid_loss: 0.5074, valid_acc: 0.7586, valid_auc: 0.7809
epoch: 31, train_loss: 0.4715, train_acc: 0.7756, train_auc: 0.8103
epoch: 31, valid_loss: 0.5077, valid_acc: 0.7588, valid_auc: 0.7798
*******************************************************************************
test_acc: 0.7608, test_auc: 0.7849
*******************************************************************************
epoch: 0, train_loss: 0.5703, train_acc: 0.7188, train_auc: 0.6734
epoch: 0, valid_loss: 0.5534, valid_acc: 0.7295, valid_auc: 0.7250
epoch: 1, train_loss: 0.5378, train_acc: 0.7377, train_auc: 0.7289
epoch: 1, valid_loss: 0.5329, valid_acc: 0.7464, valid_auc: 0.7584
epoch: 2, train_loss: 0.5160, train_acc: 0.7511, train_auc: 0.7602
epoch: 2, valid_loss: 0.5258, valid_acc: 0.7514, valid_auc: 0.7719
epoch: 3, train_loss: 0.5063, train_acc: 0.7563, train_auc: 0.7721
epoch: 3, valid_loss: 0.5112, valid_acc: 0.7572, valid_auc: 0.7774
epoch: 4, train_loss: 0.5026, train_acc: 0.7585, train_auc: 0.7770
epoch: 4, valid_loss: 0.5089, valid_acc: 0.7582, valid_auc: 0.7802
epoch: 5, train_loss: 0.5048, train_acc: 0.7597, train_auc: 0.7796
epoch: 5, valid_loss: 0.5083, valid_acc: 0.7585, valid_auc: 0.7809
epoch: 6, train_loss: 0.4983, train_acc: 0.7608, train_auc: 0.7820
epoch: 6, valid_loss: 0.5234, valid_acc: 0.7570, valid_auc: 0.7786
epoch: 7, train_loss: 0.4971, train_acc: 0.7618, train_auc: 0.7834
epoch: 7, valid_loss: 0.5070, valid_acc: 0.7600, valid_auc: 0.7824
epoch: 8, train_loss: 0.4953, train_acc: 0.7622, train_auc: 0.7850
epoch: 8, valid_loss: 0.5059, valid_acc: 0.7604, valid_auc: 0.7828
epoch: 9, train_loss: 0.4946, train_acc: 0.7631, train_auc: 0.7862
epoch: 9, valid_loss: 0.5055, valid_acc: 0.7604, valid_auc: 0.7834
epoch: 10, train_loss: 0.4933, train_acc: 0.7636, train_auc: 0.7876
epoch: 10, valid_loss: 0.5048, valid_acc: 0.7611, valid_auc: 0.7846
epoch: 11, train_loss: 0.4915, train_acc: 0.7643, train_auc: 0.7891
epoch: 11, valid_loss: 0.5051, valid_acc: 0.7602, valid_auc: 0.7839
epoch: 12, train_loss: 0.4909, train_acc: 0.7652, train_auc: 0.7902
epoch: 12, valid_loss: 0.5057, valid_acc: 0.7607, valid_auc: 0.7847
epoch: 13, train_loss: 0.4898, train_acc: 0.7659, train_auc: 0.7915
epoch: 13, valid_loss: 0.5041, valid_acc: 0.7609, valid_auc: 0.7852
epoch: 14, train_loss: 0.4883, train_acc: 0.7665, train_auc: 0.7927
epoch: 14, valid_loss: 0.5064, valid_acc: 0.7595, valid_auc: 0.7826
epoch: 15, train_loss: 0.4886, train_acc: 0.7669, train_auc: 0.7934
epoch: 15, valid_loss: 0.5046, valid_acc: 0.7606, valid_auc: 0.7846
epoch: 16, train_loss: 0.4863, train_acc: 0.7676, train_auc: 0.7948
epoch: 16, valid_loss: 0.5029, valid_acc: 0.7608, valid_auc: 0.7851
epoch: 17, train_loss: 0.4848, train_acc: 0.7685, train_auc: 0.7963
epoch: 17, valid_loss: 0.5041, valid_acc: 0.7602, valid_auc: 0.7837
epoch: 18, train_loss: 0.4839, train_acc: 0.7692, train_auc: 0.7972
epoch: 18, valid_loss: 0.5057, valid_acc: 0.7592, valid_auc: 0.7829
epoch: 19, train_loss: 0.4831, train_acc: 0.7694, train_auc: 0.7981
epoch: 19, valid_loss: 0.5038, valid_acc: 0.7607, valid_auc: 0.7841
epoch: 20, train_loss: 0.4814, train_acc: 0.7702, train_auc: 0.7997
epoch: 20, valid_loss: 0.5049, valid_acc: 0.7592, valid_auc: 0.7830
epoch: 21, train_loss: 0.4806, train_acc: 0.7708, train_auc: 0.8007
epoch: 21, valid_loss: 0.5033, valid_acc: 0.7607, valid_auc: 0.7845
epoch: 22, train_loss: 0.4788, train_acc: 0.7716, train_auc: 0.8024
epoch: 22, valid_loss: 0.5053, valid_acc: 0.7600, valid_auc: 0.7840
epoch: 23, train_loss: 0.4780, train_acc: 0.7721, train_auc: 0.8033
epoch: 23, valid_loss: 0.5048, valid_acc: 0.7595, valid_auc: 0.7828
epoch: 24, train_loss: 0.4768, train_acc: 0.7728, train_auc: 0.8045
epoch: 24, valid_loss: 0.5047, valid_acc: 0.7596, valid_auc: 0.7830
epoch: 25, train_loss: 0.4754, train_acc: 0.7736, train_auc: 0.8061
epoch: 25, valid_loss: 0.5053, valid_acc: 0.7601, valid_auc: 0.7819
epoch: 26, train_loss: 0.4740, train_acc: 0.7742, train_auc: 0.8074
epoch: 26, valid_loss: 0.5077, valid_acc: 0.7599, valid_auc: 0.7823
epoch: 27, train_loss: 0.4732, train_acc: 0.7749, train_auc: 0.8085
epoch: 27, valid_loss: 0.5109, valid_acc: 0.7578, valid_auc: 0.7813
epoch: 28, train_loss: 0.4713, train_acc: 0.7756, train_auc: 0.8100
epoch: 28, valid_loss: 0.5093, valid_acc: 0.7576, valid_auc: 0.7787
*******************************************************************************
test_acc: 0.7609, test_auc: 0.7852
*******************************************************************************
epoch: 0, train_loss: 0.5703, train_acc: 0.7171, train_auc: 0.6736
epoch: 0, valid_loss: 0.5511, valid_acc: 0.7333, valid_auc: 0.7261
epoch: 1, train_loss: 0.5378, train_acc: 0.7376, train_auc: 0.7293
epoch: 1, valid_loss: 0.5243, valid_acc: 0.7483, valid_auc: 0.7606
epoch: 2, train_loss: 0.5162, train_acc: 0.7505, train_auc: 0.7591
epoch: 2, valid_loss: 0.5459, valid_acc: 0.7520, valid_auc: 0.7632
epoch: 3, train_loss: 0.5079, train_acc: 0.7560, train_auc: 0.7706
epoch: 3, valid_loss: 0.5110, valid_acc: 0.7570, valid_auc: 0.7779
epoch: 4, train_loss: 0.5031, train_acc: 0.7583, train_auc: 0.7760
epoch: 4, valid_loss: 0.5091, valid_acc: 0.7580, valid_auc: 0.7793
epoch: 5, train_loss: 0.5005, train_acc: 0.7599, train_auc: 0.7790
epoch: 5, valid_loss: 0.5110, valid_acc: 0.7566, valid_auc: 0.7803
epoch: 6, train_loss: 0.4993, train_acc: 0.7604, train_auc: 0.7808
epoch: 6, valid_loss: 0.5076, valid_acc: 0.7589, valid_auc: 0.7815
epoch: 7, train_loss: 0.4971, train_acc: 0.7616, train_auc: 0.7831
epoch: 7, valid_loss: 0.5074, valid_acc: 0.7585, valid_auc: 0.7823
epoch: 8, train_loss: 0.4970, train_acc: 0.7618, train_auc: 0.7839
epoch: 8, valid_loss: 0.5064, valid_acc: 0.7598, valid_auc: 0.7834
epoch: 9, train_loss: 0.4949, train_acc: 0.7628, train_auc: 0.7858
epoch: 9, valid_loss: 0.5056, valid_acc: 0.7606, valid_auc: 0.7834
epoch: 10, train_loss: 0.4937, train_acc: 0.7634, train_auc: 0.7871
epoch: 10, valid_loss: 0.5103, valid_acc: 0.7572, valid_auc: 0.7838
epoch: 11, train_loss: 0.4922, train_acc: 0.7640, train_auc: 0.7886
epoch: 11, valid_loss: 0.5056, valid_acc: 0.7605, valid_auc: 0.7836
epoch: 12, train_loss: 0.4918, train_acc: 0.7642, train_auc: 0.7887
epoch: 12, valid_loss: 0.5140, valid_acc: 0.7595, valid_auc: 0.7837
epoch: 13, train_loss: 0.4912, train_acc: 0.7653, train_auc: 0.7899
epoch: 13, valid_loss: 0.5095, valid_acc: 0.7581, valid_auc: 0.7824
epoch: 14, train_loss: 0.4900, train_acc: 0.7657, train_auc: 0.7914
epoch: 14, valid_loss: 0.5047, valid_acc: 0.7610, valid_auc: 0.7844
epoch: 15, train_loss: 0.4886, train_acc: 0.7665, train_auc: 0.7926
epoch: 15, valid_loss: 0.5042, valid_acc: 0.7613, valid_auc: 0.7848
epoch: 16, train_loss: 0.4876, train_acc: 0.7671, train_auc: 0.7940
epoch: 16, valid_loss: 0.5041, valid_acc: 0.7613, valid_auc: 0.7852
epoch: 17, train_loss: 0.4863, train_acc: 0.7677, train_auc: 0.7952
epoch: 17, valid_loss: 0.5044, valid_acc: 0.7612, valid_auc: 0.7844
epoch: 18, train_loss: 0.4854, train_acc: 0.7682, train_auc: 0.7963
epoch: 18, valid_loss: 0.5053, valid_acc: 0.7603, valid_auc: 0.7834
epoch: 19, train_loss: 0.4840, train_acc: 0.7691, train_auc: 0.7976
epoch: 19, valid_loss: 0.5064, valid_acc: 0.7599, valid_auc: 0.7829
epoch: 20, train_loss: 0.4826, train_acc: 0.7698, train_auc: 0.7988
epoch: 20, valid_loss: 0.5059, valid_acc: 0.7597, valid_auc: 0.7840
epoch: 21, train_loss: 0.4815, train_acc: 0.7705, train_auc: 0.7999
epoch: 21, valid_loss: 0.5071, valid_acc: 0.7580, valid_auc: 0.7825
epoch: 22, train_loss: 0.4806, train_acc: 0.7709, train_auc: 0.8011
epoch: 22, valid_loss: 0.5056, valid_acc: 0.7603, valid_auc: 0.7836
epoch: 23, train_loss: 0.4796, train_acc: 0.7716, train_auc: 0.8024
epoch: 23, valid_loss: 0.5060, valid_acc: 0.7597, valid_auc: 0.7836
epoch: 24, train_loss: 0.4787, train_acc: 0.7722, train_auc: 0.8033
epoch: 24, valid_loss: 0.5051, valid_acc: 0.7606, valid_auc: 0.7833
epoch: 25, train_loss: 0.4776, train_acc: 0.7727, train_auc: 0.8044
epoch: 25, valid_loss: 0.5048, valid_acc: 0.7604, valid_auc: 0.7836
epoch: 26, train_loss: 0.4755, train_acc: 0.7734, train_auc: 0.8059
epoch: 26, valid_loss: 0.5066, valid_acc: 0.7584, valid_auc: 0.7811
epoch: 27, train_loss: 0.4750, train_acc: 0.7739, train_auc: 0.8069
epoch: 27, valid_loss: 0.5087, valid_acc: 0.7589, valid_auc: 0.7818
epoch: 28, train_loss: 0.4738, train_acc: 0.7748, train_auc: 0.8079
epoch: 28, valid_loss: 0.5097, valid_acc: 0.7571, valid_auc: 0.7801
epoch: 29, train_loss: 0.4729, train_acc: 0.7754, train_auc: 0.8091
epoch: 29, valid_loss: 0.5068, valid_acc: 0.7594, valid_auc: 0.7818
epoch: 30, train_loss: 0.4721, train_acc: 0.7758, train_auc: 0.8103
epoch: 30, valid_loss: 0.5081, valid_acc: 0.7585, valid_auc: 0.7809
epoch: 31, train_loss: 0.4703, train_acc: 0.7764, train_auc: 0.8115
epoch: 31, valid_loss: 0.5098, valid_acc: 0.7592, valid_auc: 0.7802
*******************************************************************************
test_acc: 0.7613, test_auc: 0.7852
*******************************************************************************
epoch: 0, train_loss: 0.5676, train_acc: 0.7194, train_auc: 0.6781
epoch: 0, valid_loss: 0.5478, valid_acc: 0.7346, valid_auc: 0.7280
epoch: 1, train_loss: 0.5344, train_acc: 0.7398, train_auc: 0.7334
epoch: 1, valid_loss: 0.5613, valid_acc: 0.7422, valid_auc: 0.7533
epoch: 2, train_loss: 0.5154, train_acc: 0.7514, train_auc: 0.7606
epoch: 2, valid_loss: 0.5189, valid_acc: 0.7507, valid_auc: 0.7747
epoch: 3, train_loss: 0.5061, train_acc: 0.7568, train_auc: 0.7723
epoch: 3, valid_loss: 0.5196, valid_acc: 0.7573, valid_auc: 0.7782
epoch: 4, train_loss: 0.5026, train_acc: 0.7586, train_auc: 0.7768
epoch: 4, valid_loss: 0.5087, valid_acc: 0.7593, valid_auc: 0.7801
epoch: 5, train_loss: 0.4996, train_acc: 0.7601, train_auc: 0.7804
epoch: 5, valid_loss: 0.5080, valid_acc: 0.7589, valid_auc: 0.7819
epoch: 6, train_loss: 0.4980, train_acc: 0.7610, train_auc: 0.7821
epoch: 6, valid_loss: 0.5064, valid_acc: 0.7600, valid_auc: 0.7826
epoch: 7, train_loss: 0.4969, train_acc: 0.7619, train_auc: 0.7839
epoch: 7, valid_loss: 0.5064, valid_acc: 0.7601, valid_auc: 0.7833
epoch: 8, train_loss: 0.4953, train_acc: 0.7626, train_auc: 0.7852
epoch: 8, valid_loss: 0.5092, valid_acc: 0.7587, valid_auc: 0.7834
epoch: 9, train_loss: 0.4947, train_acc: 0.7630, train_auc: 0.7862
epoch: 9, valid_loss: 0.5103, valid_acc: 0.7573, valid_auc: 0.7798
epoch: 10, train_loss: 0.4934, train_acc: 0.7639, train_auc: 0.7874
epoch: 10, valid_loss: 0.5052, valid_acc: 0.7611, valid_auc: 0.7849
epoch: 11, train_loss: 0.4918, train_acc: 0.7647, train_auc: 0.7890
epoch: 11, valid_loss: 0.5043, valid_acc: 0.7613, valid_auc: 0.7846
epoch: 12, train_loss: 0.4905, train_acc: 0.7653, train_auc: 0.7903
epoch: 12, valid_loss: 0.5059, valid_acc: 0.7605, valid_auc: 0.7843
epoch: 13, train_loss: 0.4896, train_acc: 0.7658, train_auc: 0.7913
epoch: 13, valid_loss: 0.5053, valid_acc: 0.7612, valid_auc: 0.7844
epoch: 14, train_loss: 0.4896, train_acc: 0.7658, train_auc: 0.7921
epoch: 14, valid_loss: 0.5045, valid_acc: 0.7600, valid_auc: 0.7850
epoch: 15, train_loss: 0.4873, train_acc: 0.7670, train_auc: 0.7936
epoch: 15, valid_loss: 0.5062, valid_acc: 0.7594, valid_auc: 0.7851
epoch: 16, train_loss: 17.0183, train_acc: 0.7263, train_auc: 0.5562
epoch: 16, valid_loss: 20.2447, valid_acc: 0.7241, valid_auc: 0.5587
epoch: 17, train_loss: 17.0850, train_acc: 0.7290, train_auc: 0.5558
epoch: 17, valid_loss: 20.2456, valid_acc: 0.7236, valid_auc: 0.5581
epoch: 18, train_loss: 11.2789, train_acc: 0.7406, train_auc: 0.6170
epoch: 18, valid_loss: 0.5092, valid_acc: 0.7589, valid_auc: 0.7814
epoch: 19, train_loss: 0.5120, train_acc: 0.7645, train_auc: 0.7887
epoch: 19, valid_loss: 0.5064, valid_acc: 0.7602, valid_auc: 0.7838
epoch: 20, train_loss: 0.4923, train_acc: 0.7662, train_auc: 0.7928
epoch: 20, valid_loss: 0.5084, valid_acc: 0.7595, valid_auc: 0.7831
epoch: 21, train_loss: 0.5349, train_acc: 0.7625, train_auc: 0.7848
epoch: 21, valid_loss: 0.6952, valid_acc: 0.7461, valid_auc: 0.7375
epoch: 22, train_loss: 0.4949, train_acc: 0.7645, train_auc: 0.7897
epoch: 22, valid_loss: 0.5399, valid_acc: 0.7542, valid_auc: 0.7784
epoch: 23, train_loss: 0.4886, train_acc: 0.7660, train_auc: 0.7927
epoch: 23, valid_loss: 0.5745, valid_acc: 0.7550, valid_auc: 0.7781
epoch: 24, train_loss: 0.4874, train_acc: 0.7670, train_auc: 0.7943
epoch: 24, valid_loss: 0.5675, valid_acc: 0.7570, valid_auc: 0.7796
epoch: 25, train_loss: 0.4864, train_acc: 0.7677, train_auc: 0.7956
epoch: 25, valid_loss: 0.5138, valid_acc: 0.7602, valid_auc: 0.7829
epoch: 26, train_loss: 0.4852, train_acc: 0.7682, train_auc: 0.7968
epoch: 26, valid_loss: 0.5243, valid_acc: 0.7600, valid_auc: 0.7836
epoch: 27, train_loss: 0.4840, train_acc: 0.7688, train_auc: 0.7977
epoch: 27, valid_loss: 0.5091, valid_acc: 0.7576, valid_auc: 0.7825
epoch: 28, train_loss: 0.4836, train_acc: 0.7692, train_auc: 0.7986
epoch: 28, valid_loss: 0.5053, valid_acc: 0.7594, valid_auc: 0.7835
epoch: 29, train_loss: 0.4824, train_acc: 0.7697, train_auc: 0.7995
epoch: 29, valid_loss: 0.5272, valid_acc: 0.7596, valid_auc: 0.7817
epoch: 30, train_loss: 0.4833, train_acc: 0.7700, train_auc: 0.8000
epoch: 30, valid_loss: 0.5080, valid_acc: 0.7588, valid_auc: 0.7825
*******************************************************************************
test_acc: 0.7594, test_auc: 0.7851
*******************************************************************************
epoch: 0, train_loss: 0.5651, train_acc: 0.7208, train_auc: 0.6826
epoch: 0, valid_loss: 0.5471, valid_acc: 0.7345, valid_auc: 0.7305
epoch: 1, train_loss: 0.5342, train_acc: 0.7398, train_auc: 0.7338
epoch: 1, valid_loss: 0.5263, valid_acc: 0.7487, valid_auc: 0.7600
epoch: 2, train_loss: 0.5168, train_acc: 0.7517, train_auc: 0.7617
epoch: 2, valid_loss: 0.5192, valid_acc: 0.7532, valid_auc: 0.7715
epoch: 3, train_loss: 0.5057, train_acc: 0.7566, train_auc: 0.7726
epoch: 3, valid_loss: 0.5090, valid_acc: 0.7585, valid_auc: 0.7791
epoch: 4, train_loss: 0.5018, train_acc: 0.7588, train_auc: 0.7773
epoch: 4, valid_loss: 0.5070, valid_acc: 0.7593, valid_auc: 0.7804
epoch: 5, train_loss: 0.4990, train_acc: 0.7601, train_auc: 0.7804
epoch: 5, valid_loss: 0.5138, valid_acc: 0.7535, valid_auc: 0.7801
epoch: 6, train_loss: 0.4975, train_acc: 0.7611, train_auc: 0.7826
epoch: 6, valid_loss: 0.5062, valid_acc: 0.7597, valid_auc: 0.7828
epoch: 7, train_loss: 0.4962, train_acc: 0.7619, train_auc: 0.7838
epoch: 7, valid_loss: 0.5061, valid_acc: 0.7602, valid_auc: 0.7828
epoch: 8, train_loss: 0.4947, train_acc: 0.7626, train_auc: 0.7855
epoch: 8, valid_loss: 0.5065, valid_acc: 0.7575, valid_auc: 0.7834
epoch: 9, train_loss: 0.4931, train_acc: 0.7636, train_auc: 0.7870
epoch: 9, valid_loss: 0.5063, valid_acc: 0.7599, valid_auc: 0.7842
epoch: 10, train_loss: 0.4924, train_acc: 0.7640, train_auc: 0.7881
epoch: 10, valid_loss: 0.5054, valid_acc: 0.7598, valid_auc: 0.7845
epoch: 11, train_loss: 0.5002, train_acc: 0.7644, train_auc: 0.7888
epoch: 11, valid_loss: 0.5033, valid_acc: 0.7613, valid_auc: 0.7847
epoch: 12, train_loss: 0.4902, train_acc: 0.7653, train_auc: 0.7904
epoch: 12, valid_loss: 0.5034, valid_acc: 0.7608, valid_auc: 0.7843
epoch: 13, train_loss: 0.4889, train_acc: 0.7657, train_auc: 0.7915
epoch: 13, valid_loss: 0.5029, valid_acc: 0.7610, valid_auc: 0.7845
epoch: 14, train_loss: 0.4879, train_acc: 0.7666, train_auc: 0.7928
epoch: 14, valid_loss: 0.5024, valid_acc: 0.7613, valid_auc: 0.7854
epoch: 15, train_loss: 0.4869, train_acc: 0.7671, train_auc: 0.7938
epoch: 15, valid_loss: 0.5039, valid_acc: 0.7598, valid_auc: 0.7848
epoch: 16, train_loss: 0.4856, train_acc: 0.7677, train_auc: 0.7949
epoch: 16, valid_loss: 0.5058, valid_acc: 0.7596, valid_auc: 0.7843
epoch: 17, train_loss: 0.4850, train_acc: 0.7682, train_auc: 0.7960
epoch: 17, valid_loss: 0.5041, valid_acc: 0.7599, valid_auc: 0.7847
epoch: 18, train_loss: 0.4838, train_acc: 0.7688, train_auc: 0.7972
epoch: 18, valid_loss: 0.5033, valid_acc: 0.7610, valid_auc: 0.7850
epoch: 19, train_loss: 0.4833, train_acc: 0.7693, train_auc: 0.7983
epoch: 19, valid_loss: 0.5425, valid_acc: 0.7608, valid_auc: 0.7828
epoch: 20, train_loss: 0.4827, train_acc: 0.7698, train_auc: 0.7991
epoch: 20, valid_loss: 0.5036, valid_acc: 0.7606, valid_auc: 0.7842
epoch: 21, train_loss: 0.4810, train_acc: 0.7706, train_auc: 0.8004
epoch: 21, valid_loss: 0.5043, valid_acc: 0.7606, valid_auc: 0.7841
epoch: 22, train_loss: 0.4794, train_acc: 0.7712, train_auc: 0.8019
epoch: 22, valid_loss: 0.5046, valid_acc: 0.7602, valid_auc: 0.7844
epoch: 23, train_loss: 0.4876, train_acc: 0.7697, train_auc: 0.7994
epoch: 23, valid_loss: 0.5062, valid_acc: 0.7599, valid_auc: 0.7835
epoch: 24, train_loss: 0.4793, train_acc: 0.7713, train_auc: 0.8023
epoch: 24, valid_loss: 0.5055, valid_acc: 0.7602, valid_auc: 0.7832
epoch: 25, train_loss: 0.4793, train_acc: 0.7717, train_auc: 0.8026
epoch: 25, valid_loss: 0.5081, valid_acc: 0.7598, valid_auc: 0.7827
epoch: 26, train_loss: 0.4776, train_acc: 0.7724, train_auc: 0.8043
epoch: 26, valid_loss: 0.5046, valid_acc: 0.7603, valid_auc: 0.7836
epoch: 27, train_loss: 0.4765, train_acc: 0.7730, train_auc: 0.8057
epoch: 27, valid_loss: 0.5916, valid_acc: 0.7576, valid_auc: 0.7747
epoch: 28, train_loss: 0.4752, train_acc: 0.7739, train_auc: 0.8068
epoch: 28, valid_loss: 0.5070, valid_acc: 0.7584, valid_auc: 0.7810
epoch: 29, train_loss: 0.4740, train_acc: 0.7744, train_auc: 0.8078
epoch: 29, valid_loss: 0.5072, valid_acc: 0.7592, valid_auc: 0.7818
*******************************************************************************
test_acc: 0.7613, test_auc: 0.7854
*******************************************************************************
*******************************************************************************
*******************************************************************************
*******************************************************************************
*******************************************************************************
*******************************************************************************
assist12_final_avg_acc: 0.7607, assist12_final_avg_auc: 0.7852
*******************************************************************************
*******************************************************************************
*******************************************************************************
*******************************************************************************
*******************************************************************************
